CRITICAL - 2022-04-17 00:22:15 --> Undefined property: App\Controllers\Himpunan::$ModelHimpunan
#0 C:\xampp\htdocs\lisata\app\Controllers\Himpunan.php(14): CodeIgniter\Debug\Exceptions->errorHandler(8, 'Undefined prope...', 'C:\\xampp\\htdocs...', 14, Array)
#1 C:\xampp\htdocs\lisata\system\CodeIgniter.php(832): App\Controllers\Himpunan->index()
#2 C:\xampp\htdocs\lisata\system\CodeIgniter.php(419): CodeIgniter\CodeIgniter->runController(Object(App\Controllers\Himpunan))
#3 C:\xampp\htdocs\lisata\system\CodeIgniter.php(326): CodeIgniter\CodeIgniter->handleRequest(NULL, Object(Config\Cache), false)
#4 C:\xampp\htdocs\lisata\public\index.php(37): CodeIgniter\CodeIgniter->run()
#5 C:\xampp\htdocs\lisata\system\Commands\Server\rewrite.php(43): require_once('C:\\xampp\\htdocs...')
#6 {main}
CRITICAL - 2022-04-17 00:28:33 --> Undefined index: nama_gejala
#0 C:\xampp\htdocs\lisata\app\Views\admin\v_himpunan.php(53): CodeIgniter\Debug\Exceptions->errorHandler(8, 'Undefined index...', 'C:\\xampp\\htdocs...', 53, Array)
#1 C:\xampp\htdocs\lisata\system\View\View.php(210): include('C:\\xampp\\htdocs...')
#2 C:\xampp\htdocs\lisata\system\View\View.php(213): CodeIgniter\View\View->CodeIgniter\View\{closure}()
#3 C:\xampp\htdocs\lisata\system\Common.php(1089): CodeIgniter\View\View->render('admin/v_himpuna...', Array, true)
#4 C:\xampp\htdocs\lisata\app\Controllers\Himpunan.php(23): view('admin/v_himpuna...', Array)
#5 C:\xampp\htdocs\lisata\system\CodeIgniter.php(832): App\Controllers\Himpunan->index()
#6 C:\xampp\htdocs\lisata\system\CodeIgniter.php(419): CodeIgniter\CodeIgniter->runController(Object(App\Controllers\Himpunan))
#7 C:\xampp\htdocs\lisata\system\CodeIgniter.php(326): CodeIgniter\CodeIgniter->handleRequest(NULL, Object(Config\Cache), false)
#8 C:\xampp\htdocs\lisata\public\index.php(37): CodeIgniter\CodeIgniter->run()
#9 C:\xampp\htdocs\lisata\system\Commands\Server\rewrite.php(43): require_once('C:\\xampp\\htdocs...')
#10 {main}
ERROR - 2022-04-17 00:30:33 --> Not unique table/alias: 'tbl_himpunan'
CRITICAL - 2022-04-17 00:30:33 --> Not unique table/alias: 'tbl_himpunan'
#0 C:\xampp\htdocs\lisata\system\Database\MySQLi\Connection.php(292): mysqli->query('SELECT *\nFROM `...', 0)
#1 C:\xampp\htdocs\lisata\system\Database\BaseConnection.php(670): CodeIgniter\Database\MySQLi\Connection->execute('SELECT *\nFROM `...')
#2 C:\xampp\htdocs\lisata\system\Database\BaseConnection.php(598): CodeIgniter\Database\BaseConnection->simpleQuery('SELECT *\nFROM `...')
#3 C:\xampp\htdocs\lisata\system\Database\BaseBuilder.php(1455): CodeIgniter\Database\BaseConnection->query('SELECT *\nFROM `...', Array, false)
#4 C:\xampp\htdocs\lisata\app\Models\ModelHimpunan.php(14): CodeIgniter\Database\BaseBuilder->get()
#5 C:\xampp\htdocs\lisata\app\Controllers\Himpunan.php(21): App\Models\ModelHimpunan->getAllData()
#6 C:\xampp\htdocs\lisata\system\CodeIgniter.php(832): App\Controllers\Himpunan->index()
#7 C:\xampp\htdocs\lisata\system\CodeIgniter.php(419): CodeIgniter\CodeIgniter->runController(Object(App\Controllers\Himpunan))
#8 C:\xampp\htdocs\lisata\system\CodeIgniter.php(326): CodeIgniter\CodeIgniter->handleRequest(NULL, Object(Config\Cache), false)
#9 C:\xampp\htdocs\lisata\public\index.php(37): CodeIgniter\CodeIgniter->run()
#10 C:\xampp\htdocs\lisata\system\Commands\Server\rewrite.php(43): require_once('C:\\xampp\\htdocs...')
#11 {main}
CRITICAL - 2022-04-17 00:57:23 --> Undefined index: himpunan
#0 C:\xampp\htdocs\lisata\app\Views\admin\v_himpunan.php(129): CodeIgniter\Debug\Exceptions->errorHandler(8, 'Undefined index...', 'C:\\xampp\\htdocs...', 129, Array)
#1 C:\xampp\htdocs\lisata\system\View\View.php(210): include('C:\\xampp\\htdocs...')
#2 C:\xampp\htdocs\lisata\system\View\View.php(213): CodeIgniter\View\View->CodeIgniter\View\{closure}()
#3 C:\xampp\htdocs\lisata\system\Common.php(1089): CodeIgniter\View\View->render('admin/v_himpuna...', Array, true)
#4 C:\xampp\htdocs\lisata\app\Controllers\Himpunan.php(26): view('admin/v_himpuna...', Array)
#5 C:\xampp\htdocs\lisata\system\CodeIgniter.php(832): App\Controllers\Himpunan->index()
#6 C:\xampp\htdocs\lisata\system\CodeIgniter.php(419): CodeIgniter\CodeIgniter->runController(Object(App\Controllers\Himpunan))
#7 C:\xampp\htdocs\lisata\system\CodeIgniter.php(326): CodeIgniter\CodeIgniter->handleRequest(NULL, Object(Config\Cache), false)
#8 C:\xampp\htdocs\lisata\public\index.php(37): CodeIgniter\CodeIgniter->run()
#9 C:\xampp\htdocs\lisata\system\Commands\Server\rewrite.php(43): require_once('C:\\xampp\\htdocs...')
#10 {main}
CRITICAL - 2022-04-17 00:58:19 --> Undefined index: nama_himpunan
#0 C:\xampp\htdocs\lisata\app\Views\admin\v_himpunan.php(155): CodeIgniter\Debug\Exceptions->errorHandler(8, 'Undefined index...', 'C:\\xampp\\htdocs...', 155, Array)
#1 C:\xampp\htdocs\lisata\system\View\View.php(210): include('C:\\xampp\\htdocs...')
#2 C:\xampp\htdocs\lisata\system\View\View.php(213): CodeIgniter\View\View->CodeIgniter\View\{closure}()
#3 C:\xampp\htdocs\lisata\system\Common.php(1089): CodeIgniter\View\View->render('admin/v_himpuna...', Array, true)
#4 C:\xampp\htdocs\lisata\app\Controllers\Himpunan.php(26): view('admin/v_himpuna...', Array)
#5 C:\xampp\htdocs\lisata\system\CodeIgniter.php(832): App\Controllers\Himpunan->index()
#6 C:\xampp\htdocs\lisata\system\CodeIgniter.php(419): CodeIgniter\CodeIgniter->runController(Object(App\Controllers\Himpunan))
#7 C:\xampp\htdocs\lisata\system\CodeIgniter.php(326): CodeIgniter\CodeIgniter->handleRequest(NULL, Object(Config\Cache), false)
#8 C:\xampp\htdocs\lisata\public\index.php(37): CodeIgniter\CodeIgniter->run()
#9 C:\xampp\htdocs\lisata\system\Commands\Server\rewrite.php(43): require_once('C:\\xampp\\htdocs...')
#10 {main}
CRITICAL - 2022-04-17 02:04:18 --> Undefined variable: gejala
#0 C:\xampp\htdocs\lisata\app\Views\admin\v_aturan.php(52): CodeIgniter\Debug\Exceptions->errorHandler(8, 'Undefined varia...', 'C:\\xampp\\htdocs...', 52, Array)
#1 C:\xampp\htdocs\lisata\system\View\View.php(210): include('C:\\xampp\\htdocs...')
#2 C:\xampp\htdocs\lisata\system\View\View.php(213): CodeIgniter\View\View->CodeIgniter\View\{closure}()
#3 C:\xampp\htdocs\lisata\system\Common.php(1089): CodeIgniter\View\View->render('admin/v_aturan', Array, true)
#4 C:\xampp\htdocs\lisata\app\Controllers\Aturan.php(27): view('admin/v_aturan', Array)
#5 C:\xampp\htdocs\lisata\system\CodeIgniter.php(832): App\Controllers\Aturan->index()
#6 C:\xampp\htdocs\lisata\system\CodeIgniter.php(419): CodeIgniter\CodeIgniter->runController(Object(App\Controllers\Aturan))
#7 C:\xampp\htdocs\lisata\system\CodeIgniter.php(326): CodeIgniter\CodeIgniter->handleRequest(NULL, Object(Config\Cache), false)
#8 C:\xampp\htdocs\lisata\public\index.php(37): CodeIgniter\CodeIgniter->run()
#9 C:\xampp\htdocs\lisata\system\Commands\Server\rewrite.php(43): require_once('C:\\xampp\\htdocs...')
#10 {main}
CRITICAL - 2022-04-17 02:10:26 --> Undefined property: App\Controllers\Aturan::$load
#0 C:\xampp\htdocs\lisata\app\Controllers\Aturan.php(27): CodeIgniter\Debug\Exceptions->errorHandler(8, 'Undefined prope...', 'C:\\xampp\\htdocs...', 27, Array)
#1 C:\xampp\htdocs\lisata\system\CodeIgniter.php(832): App\Controllers\Aturan->index()
#2 C:\xampp\htdocs\lisata\system\CodeIgniter.php(419): CodeIgniter\CodeIgniter->runController(Object(App\Controllers\Aturan))
#3 C:\xampp\htdocs\lisata\system\CodeIgniter.php(326): CodeIgniter\CodeIgniter->handleRequest(NULL, Object(Config\Cache), false)
#4 C:\xampp\htdocs\lisata\public\index.php(37): CodeIgniter\CodeIgniter->run()
#5 C:\xampp\htdocs\lisata\system\Commands\Server\rewrite.php(43): require_once('C:\\xampp\\htdocs...')
#6 {main}
CRITICAL - 2022-04-17 02:11:23 --> syntax error, unexpected '}', expecting ';' or ','
#0 C:\xampp\htdocs\lisata\system\Router\Router.php(175): CodeIgniter\Router\Router->autoRoute('aturan')
#1 C:\xampp\htdocs\lisata\system\CodeIgniter.php(726): CodeIgniter\Router\Router->handle('aturan')
#2 C:\xampp\htdocs\lisata\system\CodeIgniter.php(368): CodeIgniter\CodeIgniter->tryToRouteIt(Object(CodeIgniter\Router\RouteCollection))
#3 C:\xampp\htdocs\lisata\system\CodeIgniter.php(326): CodeIgniter\CodeIgniter->handleRequest(NULL, Object(Config\Cache), false)
#4 C:\xampp\htdocs\lisata\public\index.php(37): CodeIgniter\CodeIgniter->run()
#5 C:\xampp\htdocs\lisata\system\Commands\Server\rewrite.php(43): require_once('C:\\xampp\\htdocs...')
#6 {main}
ERROR - 2022-04-17 10:46:37 --> Unknown column 'id_keputuasn' in 'order clause'
CRITICAL - 2022-04-17 10:46:37 --> Unknown column 'id_keputuasn' in 'order clause'
#0 C:\xampp\htdocs\lisata\system\Database\MySQLi\Connection.php(292): mysqli->query('SELECT *\nFROM `...', 0)
#1 C:\xampp\htdocs\lisata\system\Database\BaseConnection.php(670): CodeIgniter\Database\MySQLi\Connection->execute('SELECT *\nFROM `...')
#2 C:\xampp\htdocs\lisata\system\Database\BaseConnection.php(598): CodeIgniter\Database\BaseConnection->simpleQuery('SELECT *\nFROM `...')
#3 C:\xampp\htdocs\lisata\system\Database\BaseBuilder.php(1455): CodeIgniter\Database\BaseConnection->query('SELECT *\nFROM `...', Array, false)
#4 C:\xampp\htdocs\lisata\app\Models\ModelKeputusan.php(13): CodeIgniter\Database\BaseBuilder->get()
#5 C:\xampp\htdocs\lisata\app\Controllers\Aturan.php(28): App\Models\ModelKeputusan->getAllData()
#6 C:\xampp\htdocs\lisata\system\CodeIgniter.php(832): App\Controllers\Aturan->index()
#7 C:\xampp\htdocs\lisata\system\CodeIgniter.php(419): CodeIgniter\CodeIgniter->runController(Object(App\Controllers\Aturan))
#8 C:\xampp\htdocs\lisata\system\CodeIgniter.php(326): CodeIgniter\CodeIgniter->handleRequest(NULL, Object(Config\Cache), false)
#9 C:\xampp\htdocs\lisata\public\index.php(37): CodeIgniter\CodeIgniter->run()
#10 C:\xampp\htdocs\lisata\system\Commands\Server\rewrite.php(43): require_once('C:\\xampp\\htdocs...')
#11 {main}
CRITICAL - 2022-04-17 10:51:27 --> Undefined index: nama_keputusan
#0 C:\xampp\htdocs\lisata\app\Views\admin\v_aturan.php(66): CodeIgniter\Debug\Exceptions->errorHandler(8, 'Undefined index...', 'C:\\xampp\\htdocs...', 66, Array)
#1 C:\xampp\htdocs\lisata\system\View\View.php(210): include('C:\\xampp\\htdocs...')
#2 C:\xampp\htdocs\lisata\system\View\View.php(213): CodeIgniter\View\View->CodeIgniter\View\{closure}()
#3 C:\xampp\htdocs\lisata\system\Common.php(1089): CodeIgniter\View\View->render('admin/v_aturan', Array, true)
#4 C:\xampp\htdocs\lisata\app\Controllers\Aturan.php(31): view('admin/v_aturan', Array)
#5 C:\xampp\htdocs\lisata\system\CodeIgniter.php(832): App\Controllers\Aturan->index()
#6 C:\xampp\htdocs\lisata\system\CodeIgniter.php(419): CodeIgniter\CodeIgniter->runController(Object(App\Controllers\Aturan))
#7 C:\xampp\htdocs\lisata\system\CodeIgniter.php(326): CodeIgniter\CodeIgniter->handleRequest(NULL, Object(Config\Cache), false)
#8 C:\xampp\htdocs\lisata\public\index.php(37): CodeIgniter\CodeIgniter->run()
#9 C:\xampp\htdocs\lisata\system\Commands\Server\rewrite.php(43): require_once('C:\\xampp\\htdocs...')
#10 {main}
CRITICAL - 2022-04-17 11:09:05 --> Undefined index: id_variabel
#0 C:\xampp\htdocs\lisata\app\Controllers\Aturan.php(32): CodeIgniter\Debug\Exceptions->errorHandler(8, 'Undefined index...', 'C:\\xampp\\htdocs...', 32, Array)
#1 C:\xampp\htdocs\lisata\system\CodeIgniter.php(832): App\Controllers\Aturan->index()
#2 C:\xampp\htdocs\lisata\system\CodeIgniter.php(419): CodeIgniter\CodeIgniter->runController(Object(App\Controllers\Aturan))
#3 C:\xampp\htdocs\lisata\system\CodeIgniter.php(326): CodeIgniter\CodeIgniter->handleRequest(NULL, Object(Config\Cache), false)
#4 C:\xampp\htdocs\lisata\public\index.php(37): CodeIgniter\CodeIgniter->run()
#5 C:\xampp\htdocs\lisata\system\Commands\Server\rewrite.php(43): require_once('C:\\xampp\\htdocs...')
#6 {main}
CRITICAL - 2022-04-17 11:09:23 --> Undefined variable: gejala
#0 C:\xampp\htdocs\lisata\app\Views\admin\v_aturan.php(52): CodeIgniter\Debug\Exceptions->errorHandler(8, 'Undefined varia...', 'C:\\xampp\\htdocs...', 52, Array)
#1 C:\xampp\htdocs\lisata\system\View\View.php(210): include('C:\\xampp\\htdocs...')
#2 C:\xampp\htdocs\lisata\system\View\View.php(213): CodeIgniter\View\View->CodeIgniter\View\{closure}()
#3 C:\xampp\htdocs\lisata\system\Common.php(1089): CodeIgniter\View\View->render('admin/v_aturan', Array, true)
#4 C:\xampp\htdocs\lisata\app\Controllers\Aturan.php(36): view('admin/v_aturan', Array)
#5 C:\xampp\htdocs\lisata\system\CodeIgniter.php(832): App\Controllers\Aturan->index()
#6 C:\xampp\htdocs\lisata\system\CodeIgniter.php(419): CodeIgniter\CodeIgniter->runController(Object(App\Controllers\Aturan))
#7 C:\xampp\htdocs\lisata\system\CodeIgniter.php(326): CodeIgniter\CodeIgniter->handleRequest(NULL, Object(Config\Cache), false)
#8 C:\xampp\htdocs\lisata\public\index.php(37): CodeIgniter\CodeIgniter->run()
#9 C:\xampp\htdocs\lisata\system\Commands\Server\rewrite.php(43): require_once('C:\\xampp\\htdocs...')
#10 {main}
CRITICAL - 2022-04-17 11:10:00 --> Undefined variable: gejala
#0 C:\xampp\htdocs\lisata\app\Controllers\Aturan.php(32): CodeIgniter\Debug\Exceptions->errorHandler(8, 'Undefined varia...', 'C:\\xampp\\htdocs...', 32, Array)
#1 C:\xampp\htdocs\lisata\system\CodeIgniter.php(832): App\Controllers\Aturan->index()
#2 C:\xampp\htdocs\lisata\system\CodeIgniter.php(419): CodeIgniter\CodeIgniter->runController(Object(App\Controllers\Aturan))
#3 C:\xampp\htdocs\lisata\system\CodeIgniter.php(326): CodeIgniter\CodeIgniter->handleRequest(NULL, Object(Config\Cache), false)
#4 C:\xampp\htdocs\lisata\public\index.php(37): CodeIgniter\CodeIgniter->run()
#5 C:\xampp\htdocs\lisata\system\Commands\Server\rewrite.php(43): require_once('C:\\xampp\\htdocs...')
#6 {main}
CRITICAL - 2022-04-17 11:10:09 --> Undefined index: data
#0 C:\xampp\htdocs\lisata\app\Views\admin\v_aturan.php(58): CodeIgniter\Debug\Exceptions->errorHandler(8, 'Undefined index...', 'C:\\xampp\\htdocs...', 58, Array)
#1 C:\xampp\htdocs\lisata\system\View\View.php(210): include('C:\\xampp\\htdocs...')
#2 C:\xampp\htdocs\lisata\system\View\View.php(213): CodeIgniter\View\View->CodeIgniter\View\{closure}()
#3 C:\xampp\htdocs\lisata\system\Common.php(1089): CodeIgniter\View\View->render('admin/v_aturan', Array, true)
#4 C:\xampp\htdocs\lisata\app\Controllers\Aturan.php(37): view('admin/v_aturan', Array)
#5 C:\xampp\htdocs\lisata\system\CodeIgniter.php(832): App\Controllers\Aturan->index()
#6 C:\xampp\htdocs\lisata\system\CodeIgniter.php(419): CodeIgniter\CodeIgniter->runController(Object(App\Controllers\Aturan))
#7 C:\xampp\htdocs\lisata\system\CodeIgniter.php(326): CodeIgniter\CodeIgniter->handleRequest(NULL, Object(Config\Cache), false)
#8 C:\xampp\htdocs\lisata\public\index.php(37): CodeIgniter\CodeIgniter->run()
#9 C:\xampp\htdocs\lisata\system\Commands\Server\rewrite.php(43): require_once('C:\\xampp\\htdocs...')
#10 {main}
CRITICAL - 2022-04-17 11:10:28 --> Undefined index: nama_himpunan
#0 C:\xampp\htdocs\lisata\app\Views\admin\v_aturan.php(58): CodeIgniter\Debug\Exceptions->errorHandler(8, 'Undefined index...', 'C:\\xampp\\htdocs...', 58, Array)
#1 C:\xampp\htdocs\lisata\system\View\View.php(210): include('C:\\xampp\\htdocs...')
#2 C:\xampp\htdocs\lisata\system\View\View.php(213): CodeIgniter\View\View->CodeIgniter\View\{closure}()
#3 C:\xampp\htdocs\lisata\system\Common.php(1089): CodeIgniter\View\View->render('admin/v_aturan', Array, true)
#4 C:\xampp\htdocs\lisata\app\Controllers\Aturan.php(37): view('admin/v_aturan', Array)
#5 C:\xampp\htdocs\lisata\system\CodeIgniter.php(832): App\Controllers\Aturan->index()
#6 C:\xampp\htdocs\lisata\system\CodeIgniter.php(419): CodeIgniter\CodeIgniter->runController(Object(App\Controllers\Aturan))
#7 C:\xampp\htdocs\lisata\system\CodeIgniter.php(326): CodeIgniter\CodeIgniter->handleRequest(NULL, Object(Config\Cache), false)
#8 C:\xampp\htdocs\lisata\public\index.php(37): CodeIgniter\CodeIgniter->run()
#9 C:\xampp\htdocs\lisata\system\Commands\Server\rewrite.php(43): require_once('C:\\xampp\\htdocs...')
#10 {main}
CRITICAL - 2022-04-17 11:13:45 --> Undefined index: nama_himpunan
#0 C:\xampp\htdocs\lisata\app\Views\admin\v_aturan.php(58): CodeIgniter\Debug\Exceptions->errorHandler(8, 'Undefined index...', 'C:\\xampp\\htdocs...', 58, Array)
#1 C:\xampp\htdocs\lisata\system\View\View.php(210): include('C:\\xampp\\htdocs...')
#2 C:\xampp\htdocs\lisata\system\View\View.php(213): CodeIgniter\View\View->CodeIgniter\View\{closure}()
#3 C:\xampp\htdocs\lisata\system\Common.php(1089): CodeIgniter\View\View->render('admin/v_aturan', Array, true)
#4 C:\xampp\htdocs\lisata\app\Controllers\Aturan.php(37): view('admin/v_aturan', Array)
#5 C:\xampp\htdocs\lisata\system\CodeIgniter.php(832): App\Controllers\Aturan->index()
#6 C:\xampp\htdocs\lisata\system\CodeIgniter.php(419): CodeIgniter\CodeIgniter->runController(Object(App\Controllers\Aturan))
#7 C:\xampp\htdocs\lisata\system\CodeIgniter.php(326): CodeIgniter\CodeIgniter->handleRequest(NULL, Object(Config\Cache), false)
#8 C:\xampp\htdocs\lisata\public\index.php(37): CodeIgniter\CodeIgniter->run()
#9 C:\xampp\htdocs\lisata\system\Commands\Server\rewrite.php(43): require_once('C:\\xampp\\htdocs...')
#10 {main}
CRITICAL - 2022-04-17 11:13:46 --> Undefined index: nama_himpunan
#0 C:\xampp\htdocs\lisata\app\Views\admin\v_aturan.php(58): CodeIgniter\Debug\Exceptions->errorHandler(8, 'Undefined index...', 'C:\\xampp\\htdocs...', 58, Array)
#1 C:\xampp\htdocs\lisata\system\View\View.php(210): include('C:\\xampp\\htdocs...')
#2 C:\xampp\htdocs\lisata\system\View\View.php(213): CodeIgniter\View\View->CodeIgniter\View\{closure}()
#3 C:\xampp\htdocs\lisata\system\Common.php(1089): CodeIgniter\View\View->render('admin/v_aturan', Array, true)
#4 C:\xampp\htdocs\lisata\app\Controllers\Aturan.php(37): view('admin/v_aturan', Array)
#5 C:\xampp\htdocs\lisata\system\CodeIgniter.php(832): App\Controllers\Aturan->index()
#6 C:\xampp\htdocs\lisata\system\CodeIgniter.php(419): CodeIgniter\CodeIgniter->runController(Object(App\Controllers\Aturan))
#7 C:\xampp\htdocs\lisata\system\CodeIgniter.php(326): CodeIgniter\CodeIgniter->handleRequest(NULL, Object(Config\Cache), false)
#8 C:\xampp\htdocs\lisata\public\index.php(37): CodeIgniter\CodeIgniter->run()
#9 C:\xampp\htdocs\lisata\system\Commands\Server\rewrite.php(43): require_once('C:\\xampp\\htdocs...')
#10 {main}
CRITICAL - 2022-04-17 11:14:13 --> Invalid argument supplied for foreach()
#0 C:\xampp\htdocs\lisata\app\Views\admin\v_aturan.php(58): CodeIgniter\Debug\Exceptions->errorHandler(2, 'Invalid argumen...', 'C:\\xampp\\htdocs...', 58, Array)
#1 C:\xampp\htdocs\lisata\system\View\View.php(210): include('C:\\xampp\\htdocs...')
#2 C:\xampp\htdocs\lisata\system\View\View.php(213): CodeIgniter\View\View->CodeIgniter\View\{closure}()
#3 C:\xampp\htdocs\lisata\system\Common.php(1089): CodeIgniter\View\View->render('admin/v_aturan', Array, true)
#4 C:\xampp\htdocs\lisata\app\Controllers\Aturan.php(37): view('admin/v_aturan', Array)
#5 C:\xampp\htdocs\lisata\system\CodeIgniter.php(832): App\Controllers\Aturan->index()
#6 C:\xampp\htdocs\lisata\system\CodeIgniter.php(419): CodeIgniter\CodeIgniter->runController(Object(App\Controllers\Aturan))
#7 C:\xampp\htdocs\lisata\system\CodeIgniter.php(326): CodeIgniter\CodeIgniter->handleRequest(NULL, Object(Config\Cache), false)
#8 C:\xampp\htdocs\lisata\public\index.php(37): CodeIgniter\CodeIgniter->run()
#9 C:\xampp\htdocs\lisata\system\Commands\Server\rewrite.php(43): require_once('C:\\xampp\\htdocs...')
#10 {main}
CRITICAL - 2022-04-17 11:14:14 --> Invalid argument supplied for foreach()
#0 C:\xampp\htdocs\lisata\app\Views\admin\v_aturan.php(58): CodeIgniter\Debug\Exceptions->errorHandler(2, 'Invalid argumen...', 'C:\\xampp\\htdocs...', 58, Array)
#1 C:\xampp\htdocs\lisata\system\View\View.php(210): include('C:\\xampp\\htdocs...')
#2 C:\xampp\htdocs\lisata\system\View\View.php(213): CodeIgniter\View\View->CodeIgniter\View\{closure}()
#3 C:\xampp\htdocs\lisata\system\Common.php(1089): CodeIgniter\View\View->render('admin/v_aturan', Array, true)
#4 C:\xampp\htdocs\lisata\app\Controllers\Aturan.php(37): view('admin/v_aturan', Array)
#5 C:\xampp\htdocs\lisata\system\CodeIgniter.php(832): App\Controllers\Aturan->index()
#6 C:\xampp\htdocs\lisata\system\CodeIgniter.php(419): CodeIgniter\CodeIgniter->runController(Object(App\Controllers\Aturan))
#7 C:\xampp\htdocs\lisata\system\CodeIgniter.php(326): CodeIgniter\CodeIgniter->handleRequest(NULL, Object(Config\Cache), false)
#8 C:\xampp\htdocs\lisata\public\index.php(37): CodeIgniter\CodeIgniter->run()
#9 C:\xampp\htdocs\lisata\system\Commands\Server\rewrite.php(43): require_once('C:\\xampp\\htdocs...')
#10 {main}
CRITICAL - 2022-04-17 11:14:23 --> Undefined index: nama_himpunan
#0 C:\xampp\htdocs\lisata\app\Views\admin\v_aturan.php(58): CodeIgniter\Debug\Exceptions->errorHandler(8, 'Undefined index...', 'C:\\xampp\\htdocs...', 58, Array)
#1 C:\xampp\htdocs\lisata\system\View\View.php(210): include('C:\\xampp\\htdocs...')
#2 C:\xampp\htdocs\lisata\system\View\View.php(213): CodeIgniter\View\View->CodeIgniter\View\{closure}()
#3 C:\xampp\htdocs\lisata\system\Common.php(1089): CodeIgniter\View\View->render('admin/v_aturan', Array, true)
#4 C:\xampp\htdocs\lisata\app\Controllers\Aturan.php(37): view('admin/v_aturan', Array)
#5 C:\xampp\htdocs\lisata\system\CodeIgniter.php(832): App\Controllers\Aturan->index()
#6 C:\xampp\htdocs\lisata\system\CodeIgniter.php(419): CodeIgniter\CodeIgniter->runController(Object(App\Controllers\Aturan))
#7 C:\xampp\htdocs\lisata\system\CodeIgniter.php(326): CodeIgniter\CodeIgniter->handleRequest(NULL, Object(Config\Cache), false)
#8 C:\xampp\htdocs\lisata\public\index.php(37): CodeIgniter\CodeIgniter->run()
#9 C:\xampp\htdocs\lisata\system\Commands\Server\rewrite.php(43): require_once('C:\\xampp\\htdocs...')
#10 {main}
CRITICAL - 2022-04-17 11:14:24 --> Undefined index: nama_himpunan
#0 C:\xampp\htdocs\lisata\app\Views\admin\v_aturan.php(58): CodeIgniter\Debug\Exceptions->errorHandler(8, 'Undefined index...', 'C:\\xampp\\htdocs...', 58, Array)
#1 C:\xampp\htdocs\lisata\system\View\View.php(210): include('C:\\xampp\\htdocs...')
#2 C:\xampp\htdocs\lisata\system\View\View.php(213): CodeIgniter\View\View->CodeIgniter\View\{closure}()
#3 C:\xampp\htdocs\lisata\system\Common.php(1089): CodeIgniter\View\View->render('admin/v_aturan', Array, true)
#4 C:\xampp\htdocs\lisata\app\Controllers\Aturan.php(37): view('admin/v_aturan', Array)
#5 C:\xampp\htdocs\lisata\system\CodeIgniter.php(832): App\Controllers\Aturan->index()
#6 C:\xampp\htdocs\lisata\system\CodeIgniter.php(419): CodeIgniter\CodeIgniter->runController(Object(App\Controllers\Aturan))
#7 C:\xampp\htdocs\lisata\system\CodeIgniter.php(326): CodeIgniter\CodeIgniter->handleRequest(NULL, Object(Config\Cache), false)
#8 C:\xampp\htdocs\lisata\public\index.php(37): CodeIgniter\CodeIgniter->run()
#9 C:\xampp\htdocs\lisata\system\Commands\Server\rewrite.php(43): require_once('C:\\xampp\\htdocs...')
#10 {main}
CRITICAL - 2022-04-17 11:14:25 --> Undefined index: nama_himpunan
#0 C:\xampp\htdocs\lisata\app\Views\admin\v_aturan.php(58): CodeIgniter\Debug\Exceptions->errorHandler(8, 'Undefined index...', 'C:\\xampp\\htdocs...', 58, Array)
#1 C:\xampp\htdocs\lisata\system\View\View.php(210): include('C:\\xampp\\htdocs...')
#2 C:\xampp\htdocs\lisata\system\View\View.php(213): CodeIgniter\View\View->CodeIgniter\View\{closure}()
#3 C:\xampp\htdocs\lisata\system\Common.php(1089): CodeIgniter\View\View->render('admin/v_aturan', Array, true)
#4 C:\xampp\htdocs\lisata\app\Controllers\Aturan.php(37): view('admin/v_aturan', Array)
#5 C:\xampp\htdocs\lisata\system\CodeIgniter.php(832): App\Controllers\Aturan->index()
#6 C:\xampp\htdocs\lisata\system\CodeIgniter.php(419): CodeIgniter\CodeIgniter->runController(Object(App\Controllers\Aturan))
#7 C:\xampp\htdocs\lisata\system\CodeIgniter.php(326): CodeIgniter\CodeIgniter->handleRequest(NULL, Object(Config\Cache), false)
#8 C:\xampp\htdocs\lisata\public\index.php(37): CodeIgniter\CodeIgniter->run()
#9 C:\xampp\htdocs\lisata\system\Commands\Server\rewrite.php(43): require_once('C:\\xampp\\htdocs...')
#10 {main}
CRITICAL - 2022-04-17 11:14:35 --> Undefined index: gejala
#0 C:\xampp\htdocs\lisata\app\Views\admin\v_aturan.php(58): CodeIgniter\Debug\Exceptions->errorHandler(8, 'Undefined index...', 'C:\\xampp\\htdocs...', 58, Array)
#1 C:\xampp\htdocs\lisata\system\View\View.php(210): include('C:\\xampp\\htdocs...')
#2 C:\xampp\htdocs\lisata\system\View\View.php(213): CodeIgniter\View\View->CodeIgniter\View\{closure}()
#3 C:\xampp\htdocs\lisata\system\Common.php(1089): CodeIgniter\View\View->render('admin/v_aturan', Array, true)
#4 C:\xampp\htdocs\lisata\app\Controllers\Aturan.php(37): view('admin/v_aturan', Array)
#5 C:\xampp\htdocs\lisata\system\CodeIgniter.php(832): App\Controllers\Aturan->index()
#6 C:\xampp\htdocs\lisata\system\CodeIgniter.php(419): CodeIgniter\CodeIgniter->runController(Object(App\Controllers\Aturan))
#7 C:\xampp\htdocs\lisata\system\CodeIgniter.php(326): CodeIgniter\CodeIgniter->handleRequest(NULL, Object(Config\Cache), false)
#8 C:\xampp\htdocs\lisata\public\index.php(37): CodeIgniter\CodeIgniter->run()
#9 C:\xampp\htdocs\lisata\system\Commands\Server\rewrite.php(43): require_once('C:\\xampp\\htdocs...')
#10 {main}
CRITICAL - 2022-04-17 11:15:33 --> Undefined index: nama_himpunan
#0 C:\xampp\htdocs\lisata\app\Views\admin\v_aturan.php(58): CodeIgniter\Debug\Exceptions->errorHandler(8, 'Undefined index...', 'C:\\xampp\\htdocs...', 58, Array)
#1 C:\xampp\htdocs\lisata\system\View\View.php(210): include('C:\\xampp\\htdocs...')
#2 C:\xampp\htdocs\lisata\system\View\View.php(213): CodeIgniter\View\View->CodeIgniter\View\{closure}()
#3 C:\xampp\htdocs\lisata\system\Common.php(1089): CodeIgniter\View\View->render('admin/v_aturan', Array, true)
#4 C:\xampp\htdocs\lisata\app\Controllers\Aturan.php(37): view('admin/v_aturan', Array)
#5 C:\xampp\htdocs\lisata\system\CodeIgniter.php(832): App\Controllers\Aturan->index()
#6 C:\xampp\htdocs\lisata\system\CodeIgniter.php(419): CodeIgniter\CodeIgniter->runController(Object(App\Controllers\Aturan))
#7 C:\xampp\htdocs\lisata\system\CodeIgniter.php(326): CodeIgniter\CodeIgniter->handleRequest(NULL, Object(Config\Cache), false)
#8 C:\xampp\htdocs\lisata\public\index.php(37): CodeIgniter\CodeIgniter->run()
#9 C:\xampp\htdocs\lisata\system\Commands\Server\rewrite.php(43): require_once('C:\\xampp\\htdocs...')
#10 {main}
CRITICAL - 2022-04-17 11:15:34 --> Undefined index: nama_himpunan
#0 C:\xampp\htdocs\lisata\app\Views\admin\v_aturan.php(58): CodeIgniter\Debug\Exceptions->errorHandler(8, 'Undefined index...', 'C:\\xampp\\htdocs...', 58, Array)
#1 C:\xampp\htdocs\lisata\system\View\View.php(210): include('C:\\xampp\\htdocs...')
#2 C:\xampp\htdocs\lisata\system\View\View.php(213): CodeIgniter\View\View->CodeIgniter\View\{closure}()
#3 C:\xampp\htdocs\lisata\system\Common.php(1089): CodeIgniter\View\View->render('admin/v_aturan', Array, true)
#4 C:\xampp\htdocs\lisata\app\Controllers\Aturan.php(37): view('admin/v_aturan', Array)
#5 C:\xampp\htdocs\lisata\system\CodeIgniter.php(832): App\Controllers\Aturan->index()
#6 C:\xampp\htdocs\lisata\system\CodeIgniter.php(419): CodeIgniter\CodeIgniter->runController(Object(App\Controllers\Aturan))
#7 C:\xampp\htdocs\lisata\system\CodeIgniter.php(326): CodeIgniter\CodeIgniter->handleRequest(NULL, Object(Config\Cache), false)
#8 C:\xampp\htdocs\lisata\public\index.php(37): CodeIgniter\CodeIgniter->run()
#9 C:\xampp\htdocs\lisata\system\Commands\Server\rewrite.php(43): require_once('C:\\xampp\\htdocs...')
#10 {main}
CRITICAL - 2022-04-17 11:16:08 --> Invalid argument supplied for foreach()
#0 C:\xampp\htdocs\lisata\app\Views\admin\v_aturan.php(58): CodeIgniter\Debug\Exceptions->errorHandler(2, 'Invalid argumen...', 'C:\\xampp\\htdocs...', 58, Array)
#1 C:\xampp\htdocs\lisata\system\View\View.php(210): include('C:\\xampp\\htdocs...')
#2 C:\xampp\htdocs\lisata\system\View\View.php(213): CodeIgniter\View\View->CodeIgniter\View\{closure}()
#3 C:\xampp\htdocs\lisata\system\Common.php(1089): CodeIgniter\View\View->render('admin/v_aturan', Array, true)
#4 C:\xampp\htdocs\lisata\app\Controllers\Aturan.php(37): view('admin/v_aturan', Array)
#5 C:\xampp\htdocs\lisata\system\CodeIgniter.php(832): App\Controllers\Aturan->index()
#6 C:\xampp\htdocs\lisata\system\CodeIgniter.php(419): CodeIgniter\CodeIgniter->runController(Object(App\Controllers\Aturan))
#7 C:\xampp\htdocs\lisata\system\CodeIgniter.php(326): CodeIgniter\CodeIgniter->handleRequest(NULL, Object(Config\Cache), false)
#8 C:\xampp\htdocs\lisata\public\index.php(37): CodeIgniter\CodeIgniter->run()
#9 C:\xampp\htdocs\lisata\system\Commands\Server\rewrite.php(43): require_once('C:\\xampp\\htdocs...')
#10 {main}
CRITICAL - 2022-04-17 11:16:32 --> Undefined variable: gejala1
#0 C:\xampp\htdocs\lisata\app\Views\admin\v_aturan.php(52): CodeIgniter\Debug\Exceptions->errorHandler(8, 'Undefined varia...', 'C:\\xampp\\htdocs...', 52, Array)
#1 C:\xampp\htdocs\lisata\system\View\View.php(210): include('C:\\xampp\\htdocs...')
#2 C:\xampp\htdocs\lisata\system\View\View.php(213): CodeIgniter\View\View->CodeIgniter\View\{closure}()
#3 C:\xampp\htdocs\lisata\system\Common.php(1089): CodeIgniter\View\View->render('admin/v_aturan', Array, true)
#4 C:\xampp\htdocs\lisata\app\Controllers\Aturan.php(37): view('admin/v_aturan', Array)
#5 C:\xampp\htdocs\lisata\system\CodeIgniter.php(832): App\Controllers\Aturan->index()
#6 C:\xampp\htdocs\lisata\system\CodeIgniter.php(419): CodeIgniter\CodeIgniter->runController(Object(App\Controllers\Aturan))
#7 C:\xampp\htdocs\lisata\system\CodeIgniter.php(326): CodeIgniter\CodeIgniter->handleRequest(NULL, Object(Config\Cache), false)
#8 C:\xampp\htdocs\lisata\public\index.php(37): CodeIgniter\CodeIgniter->run()
#9 C:\xampp\htdocs\lisata\system\Commands\Server\rewrite.php(43): require_once('C:\\xampp\\htdocs...')
#10 {main}
CRITICAL - 2022-04-17 11:16:32 --> Undefined variable: gejala1
#0 C:\xampp\htdocs\lisata\app\Views\admin\v_aturan.php(52): CodeIgniter\Debug\Exceptions->errorHandler(8, 'Undefined varia...', 'C:\\xampp\\htdocs...', 52, Array)
#1 C:\xampp\htdocs\lisata\system\View\View.php(210): include('C:\\xampp\\htdocs...')
#2 C:\xampp\htdocs\lisata\system\View\View.php(213): CodeIgniter\View\View->CodeIgniter\View\{closure}()
#3 C:\xampp\htdocs\lisata\system\Common.php(1089): CodeIgniter\View\View->render('admin/v_aturan', Array, true)
#4 C:\xampp\htdocs\lisata\app\Controllers\Aturan.php(37): view('admin/v_aturan', Array)
#5 C:\xampp\htdocs\lisata\system\CodeIgniter.php(832): App\Controllers\Aturan->index()
#6 C:\xampp\htdocs\lisata\system\CodeIgniter.php(419): CodeIgniter\CodeIgniter->runController(Object(App\Controllers\Aturan))
#7 C:\xampp\htdocs\lisata\system\CodeIgniter.php(326): CodeIgniter\CodeIgniter->handleRequest(NULL, Object(Config\Cache), false)
#8 C:\xampp\htdocs\lisata\public\index.php(37): CodeIgniter\CodeIgniter->run()
#9 C:\xampp\htdocs\lisata\system\Commands\Server\rewrite.php(43): require_once('C:\\xampp\\htdocs...')
#10 {main}
CRITICAL - 2022-04-17 11:16:57 --> Invalid argument supplied for foreach()
#0 C:\xampp\htdocs\lisata\app\Views\admin\v_aturan.php(58): CodeIgniter\Debug\Exceptions->errorHandler(2, 'Invalid argumen...', 'C:\\xampp\\htdocs...', 58, Array)
#1 C:\xampp\htdocs\lisata\system\View\View.php(210): include('C:\\xampp\\htdocs...')
#2 C:\xampp\htdocs\lisata\system\View\View.php(213): CodeIgniter\View\View->CodeIgniter\View\{closure}()
#3 C:\xampp\htdocs\lisata\system\Common.php(1089): CodeIgniter\View\View->render('admin/v_aturan', Array, true)
#4 C:\xampp\htdocs\lisata\app\Controllers\Aturan.php(36): view('admin/v_aturan', Array)
#5 C:\xampp\htdocs\lisata\system\CodeIgniter.php(832): App\Controllers\Aturan->index()
#6 C:\xampp\htdocs\lisata\system\CodeIgniter.php(419): CodeIgniter\CodeIgniter->runController(Object(App\Controllers\Aturan))
#7 C:\xampp\htdocs\lisata\system\CodeIgniter.php(326): CodeIgniter\CodeIgniter->handleRequest(NULL, Object(Config\Cache), false)
#8 C:\xampp\htdocs\lisata\public\index.php(37): CodeIgniter\CodeIgniter->run()
#9 C:\xampp\htdocs\lisata\system\Commands\Server\rewrite.php(43): require_once('C:\\xampp\\htdocs...')
#10 {main}
CRITICAL - 2022-04-17 11:16:58 --> Invalid argument supplied for foreach()
#0 C:\xampp\htdocs\lisata\app\Views\admin\v_aturan.php(58): CodeIgniter\Debug\Exceptions->errorHandler(2, 'Invalid argumen...', 'C:\\xampp\\htdocs...', 58, Array)
#1 C:\xampp\htdocs\lisata\system\View\View.php(210): include('C:\\xampp\\htdocs...')
#2 C:\xampp\htdocs\lisata\system\View\View.php(213): CodeIgniter\View\View->CodeIgniter\View\{closure}()
#3 C:\xampp\htdocs\lisata\system\Common.php(1089): CodeIgniter\View\View->render('admin/v_aturan', Array, true)
#4 C:\xampp\htdocs\lisata\app\Controllers\Aturan.php(36): view('admin/v_aturan', Array)
#5 C:\xampp\htdocs\lisata\system\CodeIgniter.php(832): App\Controllers\Aturan->index()
#6 C:\xampp\htdocs\lisata\system\CodeIgniter.php(419): CodeIgniter\CodeIgniter->runController(Object(App\Controllers\Aturan))
#7 C:\xampp\htdocs\lisata\system\CodeIgniter.php(326): CodeIgniter\CodeIgniter->handleRequest(NULL, Object(Config\Cache), false)
#8 C:\xampp\htdocs\lisata\public\index.php(37): CodeIgniter\CodeIgniter->run()
#9 C:\xampp\htdocs\lisata\system\Commands\Server\rewrite.php(43): require_once('C:\\xampp\\htdocs...')
#10 {main}
CRITICAL - 2022-04-17 11:16:59 --> Invalid argument supplied for foreach()
#0 C:\xampp\htdocs\lisata\app\Views\admin\v_aturan.php(58): CodeIgniter\Debug\Exceptions->errorHandler(2, 'Invalid argumen...', 'C:\\xampp\\htdocs...', 58, Array)
#1 C:\xampp\htdocs\lisata\system\View\View.php(210): include('C:\\xampp\\htdocs...')
#2 C:\xampp\htdocs\lisata\system\View\View.php(213): CodeIgniter\View\View->CodeIgniter\View\{closure}()
#3 C:\xampp\htdocs\lisata\system\Common.php(1089): CodeIgniter\View\View->render('admin/v_aturan', Array, true)
#4 C:\xampp\htdocs\lisata\app\Controllers\Aturan.php(36): view('admin/v_aturan', Array)
#5 C:\xampp\htdocs\lisata\system\CodeIgniter.php(832): App\Controllers\Aturan->index()
#6 C:\xampp\htdocs\lisata\system\CodeIgniter.php(419): CodeIgniter\CodeIgniter->runController(Object(App\Controllers\Aturan))
#7 C:\xampp\htdocs\lisata\system\CodeIgniter.php(326): CodeIgniter\CodeIgniter->handleRequest(NULL, Object(Config\Cache), false)
#8 C:\xampp\htdocs\lisata\public\index.php(37): CodeIgniter\CodeIgniter->run()
#9 C:\xampp\htdocs\lisata\system\Commands\Server\rewrite.php(43): require_once('C:\\xampp\\htdocs...')
#10 {main}
CRITICAL - 2022-04-17 11:17:00 --> Invalid argument supplied for foreach()
#0 C:\xampp\htdocs\lisata\app\Views\admin\v_aturan.php(58): CodeIgniter\Debug\Exceptions->errorHandler(2, 'Invalid argumen...', 'C:\\xampp\\htdocs...', 58, Array)
#1 C:\xampp\htdocs\lisata\system\View\View.php(210): include('C:\\xampp\\htdocs...')
#2 C:\xampp\htdocs\lisata\system\View\View.php(213): CodeIgniter\View\View->CodeIgniter\View\{closure}()
#3 C:\xampp\htdocs\lisata\system\Common.php(1089): CodeIgniter\View\View->render('admin/v_aturan', Array, true)
#4 C:\xampp\htdocs\lisata\app\Controllers\Aturan.php(36): view('admin/v_aturan', Array)
#5 C:\xampp\htdocs\lisata\system\CodeIgniter.php(832): App\Controllers\Aturan->index()
#6 C:\xampp\htdocs\lisata\system\CodeIgniter.php(419): CodeIgniter\CodeIgniter->runController(Object(App\Controllers\Aturan))
#7 C:\xampp\htdocs\lisata\system\CodeIgniter.php(326): CodeIgniter\CodeIgniter->handleRequest(NULL, Object(Config\Cache), false)
#8 C:\xampp\htdocs\lisata\public\index.php(37): CodeIgniter\CodeIgniter->run()
#9 C:\xampp\htdocs\lisata\system\Commands\Server\rewrite.php(43): require_once('C:\\xampp\\htdocs...')
#10 {main}
CRITICAL - 2022-04-17 11:25:05 --> Undefined index: nama_gejala
#0 C:\xampp\htdocs\lisata\app\Views\admin\v_aturan.php(54): CodeIgniter\Debug\Exceptions->errorHandler(8, 'Undefined index...', 'C:\\xampp\\htdocs...', 54, Array)
#1 C:\xampp\htdocs\lisata\system\View\View.php(210): include('C:\\xampp\\htdocs...')
#2 C:\xampp\htdocs\lisata\system\View\View.php(213): CodeIgniter\View\View->CodeIgniter\View\{closure}()
#3 C:\xampp\htdocs\lisata\system\Common.php(1089): CodeIgniter\View\View->render('admin/v_aturan', Array, true)
#4 C:\xampp\htdocs\lisata\app\Controllers\Aturan.php(36): view('admin/v_aturan', Array)
#5 C:\xampp\htdocs\lisata\system\CodeIgniter.php(832): App\Controllers\Aturan->index()
#6 C:\xampp\htdocs\lisata\system\CodeIgniter.php(419): CodeIgniter\CodeIgniter->runController(Object(App\Controllers\Aturan))
#7 C:\xampp\htdocs\lisata\system\CodeIgniter.php(326): CodeIgniter\CodeIgniter->handleRequest(NULL, Object(Config\Cache), false)
#8 C:\xampp\htdocs\lisata\public\index.php(37): CodeIgniter\CodeIgniter->run()
#9 C:\xampp\htdocs\lisata\system\Commands\Server\rewrite.php(43): require_once('C:\\xampp\\htdocs...')
#10 {main}
CRITICAL - 2022-04-17 11:26:13 --> Undefined index: nama_himpunan
#0 C:\xampp\htdocs\lisata\app\Views\admin\v_aturan.php(58): CodeIgniter\Debug\Exceptions->errorHandler(8, 'Undefined index...', 'C:\\xampp\\htdocs...', 58, Array)
#1 C:\xampp\htdocs\lisata\system\View\View.php(210): include('C:\\xampp\\htdocs...')
#2 C:\xampp\htdocs\lisata\system\View\View.php(213): CodeIgniter\View\View->CodeIgniter\View\{closure}()
#3 C:\xampp\htdocs\lisata\system\Common.php(1089): CodeIgniter\View\View->render('admin/v_aturan', Array, true)
#4 C:\xampp\htdocs\lisata\app\Controllers\Aturan.php(36): view('admin/v_aturan', Array)
#5 C:\xampp\htdocs\lisata\system\CodeIgniter.php(832): App\Controllers\Aturan->index()
#6 C:\xampp\htdocs\lisata\system\CodeIgniter.php(419): CodeIgniter\CodeIgniter->runController(Object(App\Controllers\Aturan))
#7 C:\xampp\htdocs\lisata\system\CodeIgniter.php(326): CodeIgniter\CodeIgniter->handleRequest(NULL, Object(Config\Cache), false)
#8 C:\xampp\htdocs\lisata\public\index.php(37): CodeIgniter\CodeIgniter->run()
#9 C:\xampp\htdocs\lisata\system\Commands\Server\rewrite.php(43): require_once('C:\\xampp\\htdocs...')
#10 {main}
CRITICAL - 2022-04-17 11:26:22 --> Invalid argument supplied for foreach()
#0 C:\xampp\htdocs\lisata\app\Views\admin\v_aturan.php(58): CodeIgniter\Debug\Exceptions->errorHandler(2, 'Invalid argumen...', 'C:\\xampp\\htdocs...', 58, Array)
#1 C:\xampp\htdocs\lisata\system\View\View.php(210): include('C:\\xampp\\htdocs...')
#2 C:\xampp\htdocs\lisata\system\View\View.php(213): CodeIgniter\View\View->CodeIgniter\View\{closure}()
#3 C:\xampp\htdocs\lisata\system\Common.php(1089): CodeIgniter\View\View->render('admin/v_aturan', Array, true)
#4 C:\xampp\htdocs\lisata\app\Controllers\Aturan.php(36): view('admin/v_aturan', Array)
#5 C:\xampp\htdocs\lisata\system\CodeIgniter.php(832): App\Controllers\Aturan->index()
#6 C:\xampp\htdocs\lisata\system\CodeIgniter.php(419): CodeIgniter\CodeIgniter->runController(Object(App\Controllers\Aturan))
#7 C:\xampp\htdocs\lisata\system\CodeIgniter.php(326): CodeIgniter\CodeIgniter->handleRequest(NULL, Object(Config\Cache), false)
#8 C:\xampp\htdocs\lisata\public\index.php(37): CodeIgniter\CodeIgniter->run()
#9 C:\xampp\htdocs\lisata\system\Commands\Server\rewrite.php(43): require_once('C:\\xampp\\htdocs...')
#10 {main}
CRITICAL - 2022-04-17 11:26:23 --> Invalid argument supplied for foreach()
#0 C:\xampp\htdocs\lisata\app\Views\admin\v_aturan.php(58): CodeIgniter\Debug\Exceptions->errorHandler(2, 'Invalid argumen...', 'C:\\xampp\\htdocs...', 58, Array)
#1 C:\xampp\htdocs\lisata\system\View\View.php(210): include('C:\\xampp\\htdocs...')
#2 C:\xampp\htdocs\lisata\system\View\View.php(213): CodeIgniter\View\View->CodeIgniter\View\{closure}()
#3 C:\xampp\htdocs\lisata\system\Common.php(1089): CodeIgniter\View\View->render('admin/v_aturan', Array, true)
#4 C:\xampp\htdocs\lisata\app\Controllers\Aturan.php(36): view('admin/v_aturan', Array)
#5 C:\xampp\htdocs\lisata\system\CodeIgniter.php(832): App\Controllers\Aturan->index()
#6 C:\xampp\htdocs\lisata\system\CodeIgniter.php(419): CodeIgniter\CodeIgniter->runController(Object(App\Controllers\Aturan))
#7 C:\xampp\htdocs\lisata\system\CodeIgniter.php(326): CodeIgniter\CodeIgniter->handleRequest(NULL, Object(Config\Cache), false)
#8 C:\xampp\htdocs\lisata\public\index.php(37): CodeIgniter\CodeIgniter->run()
#9 C:\xampp\htdocs\lisata\system\Commands\Server\rewrite.php(43): require_once('C:\\xampp\\htdocs...')
#10 {main}
CRITICAL - 2022-04-17 11:26:59 --> Invalid argument supplied for foreach()
#0 C:\xampp\htdocs\lisata\app\Views\admin\v_aturan.php(58): CodeIgniter\Debug\Exceptions->errorHandler(2, 'Invalid argumen...', 'C:\\xampp\\htdocs...', 58, Array)
#1 C:\xampp\htdocs\lisata\system\View\View.php(210): include('C:\\xampp\\htdocs...')
#2 C:\xampp\htdocs\lisata\system\View\View.php(213): CodeIgniter\View\View->CodeIgniter\View\{closure}()
#3 C:\xampp\htdocs\lisata\system\Common.php(1089): CodeIgniter\View\View->render('admin/v_aturan', Array, true)
#4 C:\xampp\htdocs\lisata\app\Controllers\Aturan.php(36): view('admin/v_aturan', Array)
#5 C:\xampp\htdocs\lisata\system\CodeIgniter.php(832): App\Controllers\Aturan->index()
#6 C:\xampp\htdocs\lisata\system\CodeIgniter.php(419): CodeIgniter\CodeIgniter->runController(Object(App\Controllers\Aturan))
#7 C:\xampp\htdocs\lisata\system\CodeIgniter.php(326): CodeIgniter\CodeIgniter->handleRequest(NULL, Object(Config\Cache), false)
#8 C:\xampp\htdocs\lisata\public\index.php(37): CodeIgniter\CodeIgniter->run()
#9 C:\xampp\htdocs\lisata\system\Commands\Server\rewrite.php(43): require_once('C:\\xampp\\htdocs...')
#10 {main}
CRITICAL - 2022-04-17 11:27:00 --> Invalid argument supplied for foreach()
#0 C:\xampp\htdocs\lisata\app\Views\admin\v_aturan.php(58): CodeIgniter\Debug\Exceptions->errorHandler(2, 'Invalid argumen...', 'C:\\xampp\\htdocs...', 58, Array)
#1 C:\xampp\htdocs\lisata\system\View\View.php(210): include('C:\\xampp\\htdocs...')
#2 C:\xampp\htdocs\lisata\system\View\View.php(213): CodeIgniter\View\View->CodeIgniter\View\{closure}()
#3 C:\xampp\htdocs\lisata\system\Common.php(1089): CodeIgniter\View\View->render('admin/v_aturan', Array, true)
#4 C:\xampp\htdocs\lisata\app\Controllers\Aturan.php(36): view('admin/v_aturan', Array)
#5 C:\xampp\htdocs\lisata\system\CodeIgniter.php(832): App\Controllers\Aturan->index()
#6 C:\xampp\htdocs\lisata\system\CodeIgniter.php(419): CodeIgniter\CodeIgniter->runController(Object(App\Controllers\Aturan))
#7 C:\xampp\htdocs\lisata\system\CodeIgniter.php(326): CodeIgniter\CodeIgniter->handleRequest(NULL, Object(Config\Cache), false)
#8 C:\xampp\htdocs\lisata\public\index.php(37): CodeIgniter\CodeIgniter->run()
#9 C:\xampp\htdocs\lisata\system\Commands\Server\rewrite.php(43): require_once('C:\\xampp\\htdocs...')
#10 {main}
CRITICAL - 2022-04-17 11:27:00 --> Invalid argument supplied for foreach()
#0 C:\xampp\htdocs\lisata\app\Views\admin\v_aturan.php(58): CodeIgniter\Debug\Exceptions->errorHandler(2, 'Invalid argumen...', 'C:\\xampp\\htdocs...', 58, Array)
#1 C:\xampp\htdocs\lisata\system\View\View.php(210): include('C:\\xampp\\htdocs...')
#2 C:\xampp\htdocs\lisata\system\View\View.php(213): CodeIgniter\View\View->CodeIgniter\View\{closure}()
#3 C:\xampp\htdocs\lisata\system\Common.php(1089): CodeIgniter\View\View->render('admin/v_aturan', Array, true)
#4 C:\xampp\htdocs\lisata\app\Controllers\Aturan.php(36): view('admin/v_aturan', Array)
#5 C:\xampp\htdocs\lisata\system\CodeIgniter.php(832): App\Controllers\Aturan->index()
#6 C:\xampp\htdocs\lisata\system\CodeIgniter.php(419): CodeIgniter\CodeIgniter->runController(Object(App\Controllers\Aturan))
#7 C:\xampp\htdocs\lisata\system\CodeIgniter.php(326): CodeIgniter\CodeIgniter->handleRequest(NULL, Object(Config\Cache), false)
#8 C:\xampp\htdocs\lisata\public\index.php(37): CodeIgniter\CodeIgniter->run()
#9 C:\xampp\htdocs\lisata\system\Commands\Server\rewrite.php(43): require_once('C:\\xampp\\htdocs...')
#10 {main}
CRITICAL - 2022-04-17 11:28:32 --> Invalid argument supplied for foreach()
#0 C:\xampp\htdocs\lisata\app\Views\admin\v_aturan.php(58): CodeIgniter\Debug\Exceptions->errorHandler(2, 'Invalid argumen...', 'C:\\xampp\\htdocs...', 58, Array)
#1 C:\xampp\htdocs\lisata\system\View\View.php(210): include('C:\\xampp\\htdocs...')
#2 C:\xampp\htdocs\lisata\system\View\View.php(213): CodeIgniter\View\View->CodeIgniter\View\{closure}()
#3 C:\xampp\htdocs\lisata\system\Common.php(1089): CodeIgniter\View\View->render('admin/v_aturan', Array, true)
#4 C:\xampp\htdocs\lisata\app\Controllers\Aturan.php(36): view('admin/v_aturan', Array)
#5 C:\xampp\htdocs\lisata\system\CodeIgniter.php(832): App\Controllers\Aturan->index()
#6 C:\xampp\htdocs\lisata\system\CodeIgniter.php(419): CodeIgniter\CodeIgniter->runController(Object(App\Controllers\Aturan))
#7 C:\xampp\htdocs\lisata\system\CodeIgniter.php(326): CodeIgniter\CodeIgniter->handleRequest(NULL, Object(Config\Cache), false)
#8 C:\xampp\htdocs\lisata\public\index.php(37): CodeIgniter\CodeIgniter->run()
#9 C:\xampp\htdocs\lisata\system\Commands\Server\rewrite.php(43): require_once('C:\\xampp\\htdocs...')
#10 {main}
CRITICAL - 2022-04-17 11:43:50 --> Undefined property: App\Controllers\Aturan::$input
#0 C:\xampp\htdocs\lisata\app\Controllers\Aturan.php(42): CodeIgniter\Debug\Exceptions->errorHandler(8, 'Undefined prope...', 'C:\\xampp\\htdocs...', 42, Array)
#1 C:\xampp\htdocs\lisata\system\CodeIgniter.php(832): App\Controllers\Aturan->addData()
#2 C:\xampp\htdocs\lisata\system\CodeIgniter.php(419): CodeIgniter\CodeIgniter->runController(Object(App\Controllers\Aturan))
#3 C:\xampp\htdocs\lisata\system\CodeIgniter.php(326): CodeIgniter\CodeIgniter->handleRequest(NULL, Object(Config\Cache), false)
#4 C:\xampp\htdocs\lisata\public\index.php(37): CodeIgniter\CodeIgniter->run()
#5 C:\xampp\htdocs\lisata\system\Commands\Server\rewrite.php(43): require_once('C:\\xampp\\htdocs...')
#6 {main}
CRITICAL - 2022-04-17 11:53:24 --> Undefined property: App\Controllers\Aturan::$load
#0 C:\xampp\htdocs\lisata\app\Controllers\Aturan.php(42): CodeIgniter\Debug\Exceptions->errorHandler(8, 'Undefined prope...', 'C:\\xampp\\htdocs...', 42, Array)
#1 C:\xampp\htdocs\lisata\system\CodeIgniter.php(832): App\Controllers\Aturan->addData()
#2 C:\xampp\htdocs\lisata\system\CodeIgniter.php(419): CodeIgniter\CodeIgniter->runController(Object(App\Controllers\Aturan))
#3 C:\xampp\htdocs\lisata\system\CodeIgniter.php(326): CodeIgniter\CodeIgniter->handleRequest(NULL, Object(Config\Cache), false)
#4 C:\xampp\htdocs\lisata\public\index.php(37): CodeIgniter\CodeIgniter->run()
#5 C:\xampp\htdocs\lisata\system\Commands\Server\rewrite.php(43): require_once('C:\\xampp\\htdocs...')
#6 {main}
CRITICAL - 2022-04-17 11:53:42 --> Undefined property: App\Controllers\Aturan::$input
#0 C:\xampp\htdocs\lisata\app\Controllers\Aturan.php(43): CodeIgniter\Debug\Exceptions->errorHandler(8, 'Undefined prope...', 'C:\\xampp\\htdocs...', 43, Array)
#1 C:\xampp\htdocs\lisata\system\CodeIgniter.php(832): App\Controllers\Aturan->addData()
#2 C:\xampp\htdocs\lisata\system\CodeIgniter.php(419): CodeIgniter\CodeIgniter->runController(Object(App\Controllers\Aturan))
#3 C:\xampp\htdocs\lisata\system\CodeIgniter.php(326): CodeIgniter\CodeIgniter->handleRequest(NULL, Object(Config\Cache), false)
#4 C:\xampp\htdocs\lisata\public\index.php(37): CodeIgniter\CodeIgniter->run()
#5 C:\xampp\htdocs\lisata\system\Commands\Server\rewrite.php(43): require_once('C:\\xampp\\htdocs...')
#6 {main}
CRITICAL - 2022-04-17 11:55:15 --> fwrite(): write of 76 bytes failed with errno=22 Invalid argument
#0 [internal function]: CodeIgniter\Debug\Exceptions->errorHandler(8, 'fwrite(): write...', 'C:\\xampp\\htdocs...', 995, Array)
#1 C:\xampp\htdocs\lisata\system\CLI\CLI.php(995): fwrite(Resource id #2, '\e[0;32mCodeIgni...')
#2 C:\xampp\htdocs\lisata\system\CLI\CLI.php(364): CodeIgniter\CLI\CLI::fwrite(Resource id #2, '\e[0;32mCodeIgni...')
#3 C:\xampp\htdocs\lisata\system\Commands\Server\Serve.php(97): CodeIgniter\CLI\CLI::write('\e[0;32mCodeIgni...', 'green')
#4 C:\xampp\htdocs\lisata\system\Commands\Server\Serve.php(114): CodeIgniter\Commands\Server\Serve->run(Array)
#5 C:\xampp\htdocs\lisata\system\Commands\Server\Serve.php(114): CodeIgniter\Commands\Server\Serve->run(Array)
#6 C:\xampp\htdocs\lisata\system\CLI\Commands.php(63): CodeIgniter\Commands\Server\Serve->run(Array)
#7 C:\xampp\htdocs\lisata\system\CLI\CommandRunner.php(70): CodeIgniter\CLI\Commands->run('serve', Array)
#8 C:\xampp\htdocs\lisata\system\CLI\CommandRunner.php(56): CodeIgniter\CLI\CommandRunner->index(Array)
#9 C:\xampp\htdocs\lisata\system\CodeIgniter.php(830): CodeIgniter\CLI\CommandRunner->_remap('index', 'serve')
#10 C:\xampp\htdocs\lisata\system\CodeIgniter.php(419): CodeIgniter\CodeIgniter->runController(Object(CodeIgniter\CLI\CommandRunner))
#11 C:\xampp\htdocs\lisata\system\CodeIgniter.php(326): CodeIgniter\CodeIgniter->handleRequest(NULL, Object(Config\Cache), false)
#12 C:\xampp\htdocs\lisata\system\CLI\Console.php(48): CodeIgniter\CodeIgniter->run()
#13 C:\xampp\htdocs\lisata\spark(63): CodeIgniter\CLI\Console->run()
#14 {main}
CRITICAL - 2022-04-17 11:55:15 --> Uncaught ErrorException: fwrite(): write of 2 bytes failed with errno=22 Invalid argument in C:\xampp\htdocs\lisata\system\CLI\CLI.php:995
Stack trace:
#0 [internal function]: CodeIgniter\Debug\Exceptions->errorHandler(8, 'fwrite(): write...', 'C:\\xampp\\htdocs...', 995, Array)
#1 C:\xampp\htdocs\lisata\system\CLI\CLI.php(995): fwrite(Resource id #2, '\r\n')
#2 C:\xampp\htdocs\lisata\system\CLI\CLI.php(364): CodeIgniter\CLI\CLI::fwrite(Resource id #2, '\r\n')
#3 C:\xampp\htdocs\lisata\system\CLI\CLI.php(441): CodeIgniter\CLI\CLI::write()
#4 C:\xampp\htdocs\lisata\app\Views\errors\cli\error_exception.php(6): CodeIgniter\CLI\CLI::newLine()
#5 C:\xampp\htdocs\lisata\system\Debug\Exceptions.php(234): include('C:\\xampp\\htdocs...')
#6 C:\xampp\htdocs\lisata\system\Debug\Exceptions.php(237): CodeIgniter\Debug\Exceptions->CodeIgniter\Debug\{closure}()
#7 C:\xampp\htdocs\lisata\system\Debug\Exceptions.php(121): CodeIgniter\Debug\Exceptions->render(Object(ErrorException), 500)
#8 [internal function]: CodeIgniter\Deb
#0 [internal function]: CodeIgniter\Debug\Exceptions->shutdownHandler()
#1 {main}
