CRITICAL - 2022-05-05 00:00:43 --> Undefined index: deskripsia_solusi
#0 C:\xampp\htdocs\lisata\app\Views\v_hasil_deteksi.php(92): CodeIgniter\Debug\Exceptions->errorHandler(8, 'Undefined index...', 'C:\\xampp\\htdocs...', 92, Array)
#1 C:\xampp\htdocs\lisata\system\View\View.php(210): include('C:\\xampp\\htdocs...')
#2 C:\xampp\htdocs\lisata\system\View\View.php(213): CodeIgniter\View\View->CodeIgniter\View\{closure}()
#3 C:\xampp\htdocs\lisata\system\Common.php(1089): CodeIgniter\View\View->render('v_hasil_deteksi', Array, true)
#4 C:\xampp\htdocs\lisata\app\Controllers\Deteksi.php(70): view('v_hasil_deteksi', Array)
#5 C:\xampp\htdocs\lisata\system\CodeIgniter.php(832): App\Controllers\Deteksi->hasilDeteksi('28')
#6 C:\xampp\htdocs\lisata\system\CodeIgniter.php(419): CodeIgniter\CodeIgniter->runController(Object(App\Controllers\Deteksi))
#7 C:\xampp\htdocs\lisata\system\CodeIgniter.php(326): CodeIgniter\CodeIgniter->handleRequest(NULL, Object(Config\Cache), false)
#8 C:\xampp\htdocs\lisata\public\index.php(37): CodeIgniter\CodeIgniter->run()
#9 C:\xampp\htdocs\lisata\system\Commands\Server\rewrite.php(43): require_once('C:\\xampp\\htdocs...')
#10 {main}
CRITICAL - 2022-05-05 00:00:59 --> Undefined index: deskripsia_solusi
#0 C:\xampp\htdocs\lisata\app\Views\v_hasil_deteksi.php(92): CodeIgniter\Debug\Exceptions->errorHandler(8, 'Undefined index...', 'C:\\xampp\\htdocs...', 92, Array)
#1 C:\xampp\htdocs\lisata\system\View\View.php(210): include('C:\\xampp\\htdocs...')
#2 C:\xampp\htdocs\lisata\system\View\View.php(213): CodeIgniter\View\View->CodeIgniter\View\{closure}()
#3 C:\xampp\htdocs\lisata\system\Common.php(1089): CodeIgniter\View\View->render('v_hasil_deteksi', Array, true)
#4 C:\xampp\htdocs\lisata\app\Controllers\Deteksi.php(70): view('v_hasil_deteksi', Array)
#5 C:\xampp\htdocs\lisata\system\CodeIgniter.php(832): App\Controllers\Deteksi->hasilDeteksi('28')
#6 C:\xampp\htdocs\lisata\system\CodeIgniter.php(419): CodeIgniter\CodeIgniter->runController(Object(App\Controllers\Deteksi))
#7 C:\xampp\htdocs\lisata\system\CodeIgniter.php(326): CodeIgniter\CodeIgniter->handleRequest(NULL, Object(Config\Cache), false)
#8 C:\xampp\htdocs\lisata\public\index.php(37): CodeIgniter\CodeIgniter->run()
#9 C:\xampp\htdocs\lisata\system\Commands\Server\rewrite.php(43): require_once('C:\\xampp\\htdocs...')
#10 {main}
CRITICAL - 2022-05-05 00:03:31 --> Undefined index: deskripsia_solusi
#0 C:\xampp\htdocs\lisata\app\Views\v_hasil_deteksi.php(92): CodeIgniter\Debug\Exceptions->errorHandler(8, 'Undefined index...', 'C:\\xampp\\htdocs...', 92, Array)
#1 C:\xampp\htdocs\lisata\system\View\View.php(210): include('C:\\xampp\\htdocs...')
#2 C:\xampp\htdocs\lisata\system\View\View.php(213): CodeIgniter\View\View->CodeIgniter\View\{closure}()
#3 C:\xampp\htdocs\lisata\system\Common.php(1089): CodeIgniter\View\View->render('v_hasil_deteksi', Array, true)
#4 C:\xampp\htdocs\lisata\app\Controllers\Deteksi.php(70): view('v_hasil_deteksi', Array)
#5 C:\xampp\htdocs\lisata\system\CodeIgniter.php(832): App\Controllers\Deteksi->hasilDeteksi('28')
#6 C:\xampp\htdocs\lisata\system\CodeIgniter.php(419): CodeIgniter\CodeIgniter->runController(Object(App\Controllers\Deteksi))
#7 C:\xampp\htdocs\lisata\system\CodeIgniter.php(326): CodeIgniter\CodeIgniter->handleRequest(NULL, Object(Config\Cache), false)
#8 C:\xampp\htdocs\lisata\public\index.php(37): CodeIgniter\CodeIgniter->run()
#9 C:\xampp\htdocs\lisata\system\Commands\Server\rewrite.php(43): require_once('C:\\xampp\\htdocs...')
#10 {main}
CRITICAL - 2022-05-05 00:05:26 --> syntax error, unexpected '"<br>"' (T_CONSTANT_ENCAPSED_STRING), expecting ';' or ','
#0 C:\xampp\htdocs\lisata\system\View\View.php(213): CodeIgniter\View\View->CodeIgniter\View\{closure}()
#1 C:\xampp\htdocs\lisata\system\Common.php(1089): CodeIgniter\View\View->render('v_hasil_deteksi', Array, true)
#2 C:\xampp\htdocs\lisata\app\Controllers\Deteksi.php(70): view('v_hasil_deteksi', Array)
#3 C:\xampp\htdocs\lisata\system\CodeIgniter.php(832): App\Controllers\Deteksi->hasilDeteksi('28')
#4 C:\xampp\htdocs\lisata\system\CodeIgniter.php(419): CodeIgniter\CodeIgniter->runController(Object(App\Controllers\Deteksi))
#5 C:\xampp\htdocs\lisata\system\CodeIgniter.php(326): CodeIgniter\CodeIgniter->handleRequest(NULL, Object(Config\Cache), false)
#6 C:\xampp\htdocs\lisata\public\index.php(37): CodeIgniter\CodeIgniter->run()
#7 C:\xampp\htdocs\lisata\system\Commands\Server\rewrite.php(43): require_once('C:\\xampp\\htdocs...')
#8 {main}
CRITICAL - 2022-05-05 00:22:06 --> Undefined index: nilai_
#0 C:\xampp\htdocs\lisata\app\Views\v_hasil_deteksi.php(162): CodeIgniter\Debug\Exceptions->errorHandler(8, 'Undefined index...', 'C:\\xampp\\htdocs...', 162, Array)
#1 C:\xampp\htdocs\lisata\system\View\View.php(210): include('C:\\xampp\\htdocs...')
#2 C:\xampp\htdocs\lisata\system\View\View.php(213): CodeIgniter\View\View->CodeIgniter\View\{closure}()
#3 C:\xampp\htdocs\lisata\system\Common.php(1089): CodeIgniter\View\View->render('v_hasil_deteksi', Array, true)
#4 C:\xampp\htdocs\lisata\app\Controllers\Deteksi.php(70): view('v_hasil_deteksi', Array)
#5 C:\xampp\htdocs\lisata\system\CodeIgniter.php(832): App\Controllers\Deteksi->hasilDeteksi('28')
#6 C:\xampp\htdocs\lisata\system\CodeIgniter.php(419): CodeIgniter\CodeIgniter->runController(Object(App\Controllers\Deteksi))
#7 C:\xampp\htdocs\lisata\system\CodeIgniter.php(326): CodeIgniter\CodeIgniter->handleRequest(NULL, Object(Config\Cache), false)
#8 C:\xampp\htdocs\lisata\public\index.php(37): CodeIgniter\CodeIgniter->run()
#9 C:\xampp\htdocs\lisata\system\Commands\Server\rewrite.php(43): require_once('C:\\xampp\\htdocs...')
#10 {main}
CRITICAL - 2022-05-05 00:38:51 --> Undefined variable: array_nilai_z
#0 C:\xampp\htdocs\lisata\app\Views\v_hasil_deteksi.php(161): CodeIgniter\Debug\Exceptions->errorHandler(8, 'Undefined varia...', 'C:\\xampp\\htdocs...', 161, Array)
#1 C:\xampp\htdocs\lisata\system\View\View.php(210): include('C:\\xampp\\htdocs...')
#2 C:\xampp\htdocs\lisata\system\View\View.php(213): CodeIgniter\View\View->CodeIgniter\View\{closure}()
#3 C:\xampp\htdocs\lisata\system\Common.php(1089): CodeIgniter\View\View->render('v_hasil_deteksi', Array, true)
#4 C:\xampp\htdocs\lisata\app\Controllers\Deteksi.php(70): view('v_hasil_deteksi', Array)
#5 C:\xampp\htdocs\lisata\system\CodeIgniter.php(832): App\Controllers\Deteksi->hasilDeteksi('28')
#6 C:\xampp\htdocs\lisata\system\CodeIgniter.php(419): CodeIgniter\CodeIgniter->runController(Object(App\Controllers\Deteksi))
#7 C:\xampp\htdocs\lisata\system\CodeIgniter.php(326): CodeIgniter\CodeIgniter->handleRequest(NULL, Object(Config\Cache), false)
#8 C:\xampp\htdocs\lisata\public\index.php(37): CodeIgniter\CodeIgniter->run()
#9 C:\xampp\htdocs\lisata\system\Commands\Server\rewrite.php(43): require_once('C:\\xampp\\htdocs...')
#10 {main}
CRITICAL - 2022-05-05 00:43:09 --> Array to string conversion
#0 C:\xampp\htdocs\lisata\app\Views\v_hasil_deteksi.php(189): CodeIgniter\Debug\Exceptions->errorHandler(8, 'Array to string...', 'C:\\xampp\\htdocs...', 189, Array)
#1 C:\xampp\htdocs\lisata\system\View\View.php(210): include('C:\\xampp\\htdocs...')
#2 C:\xampp\htdocs\lisata\system\View\View.php(213): CodeIgniter\View\View->CodeIgniter\View\{closure}()
#3 C:\xampp\htdocs\lisata\system\Common.php(1089): CodeIgniter\View\View->render('v_hasil_deteksi', Array, true)
#4 C:\xampp\htdocs\lisata\app\Controllers\Deteksi.php(70): view('v_hasil_deteksi', Array)
#5 C:\xampp\htdocs\lisata\system\CodeIgniter.php(832): App\Controllers\Deteksi->hasilDeteksi('28')
#6 C:\xampp\htdocs\lisata\system\CodeIgniter.php(419): CodeIgniter\CodeIgniter->runController(Object(App\Controllers\Deteksi))
#7 C:\xampp\htdocs\lisata\system\CodeIgniter.php(326): CodeIgniter\CodeIgniter->handleRequest(NULL, Object(Config\Cache), false)
#8 C:\xampp\htdocs\lisata\public\index.php(37): CodeIgniter\CodeIgniter->run()
#9 C:\xampp\htdocs\lisata\system\Commands\Server\rewrite.php(43): require_once('C:\\xampp\\htdocs...')
#10 {main}
CRITICAL - 2022-05-05 00:45:10 --> Call to undefined function sum()
#0 C:\xampp\htdocs\lisata\system\View\View.php(210): include()
#1 C:\xampp\htdocs\lisata\system\View\View.php(213): CodeIgniter\View\View->CodeIgniter\View\{closure}()
#2 C:\xampp\htdocs\lisata\system\Common.php(1089): CodeIgniter\View\View->render('v_hasil_deteksi', Array, true)
#3 C:\xampp\htdocs\lisata\app\Controllers\Deteksi.php(70): view('v_hasil_deteksi', Array)
#4 C:\xampp\htdocs\lisata\system\CodeIgniter.php(832): App\Controllers\Deteksi->hasilDeteksi('28')
#5 C:\xampp\htdocs\lisata\system\CodeIgniter.php(419): CodeIgniter\CodeIgniter->runController(Object(App\Controllers\Deteksi))
#6 C:\xampp\htdocs\lisata\system\CodeIgniter.php(326): CodeIgniter\CodeIgniter->handleRequest(NULL, Object(Config\Cache), false)
#7 C:\xampp\htdocs\lisata\public\index.php(37): CodeIgniter\CodeIgniter->run()
#8 C:\xampp\htdocs\lisata\system\Commands\Server\rewrite.php(43): require_once('C:\\xampp\\htdocs...')
#9 {main}
CRITICAL - 2022-05-05 00:45:27 --> Use of undefined constant hasil_kali_pre_nilai_z - assumed 'hasil_kali_pre_nilai_z' (this will throw an Error in a future version of PHP)
#0 C:\xampp\htdocs\lisata\app\Views\v_hasil_deteksi.php(192): CodeIgniter\Debug\Exceptions->errorHandler(2, 'Use of undefine...', 'C:\\xampp\\htdocs...', 192, Array)
#1 C:\xampp\htdocs\lisata\system\View\View.php(210): include('C:\\xampp\\htdocs...')
#2 C:\xampp\htdocs\lisata\system\View\View.php(213): CodeIgniter\View\View->CodeIgniter\View\{closure}()
#3 C:\xampp\htdocs\lisata\system\Common.php(1089): CodeIgniter\View\View->render('v_hasil_deteksi', Array, true)
#4 C:\xampp\htdocs\lisata\app\Controllers\Deteksi.php(70): view('v_hasil_deteksi', Array)
#5 C:\xampp\htdocs\lisata\system\CodeIgniter.php(832): App\Controllers\Deteksi->hasilDeteksi('28')
#6 C:\xampp\htdocs\lisata\system\CodeIgniter.php(419): CodeIgniter\CodeIgniter->runController(Object(App\Controllers\Deteksi))
#7 C:\xampp\htdocs\lisata\system\CodeIgniter.php(326): CodeIgniter\CodeIgniter->handleRequest(NULL, Object(Config\Cache), false)
#8 C:\xampp\htdocs\lisata\public\index.php(37): CodeIgniter\CodeIgniter->run()
#9 C:\xampp\htdocs\lisata\system\Commands\Server\rewrite.php(43): require_once('C:\\xampp\\htdocs...')
#10 {main}
CRITICAL - 2022-05-05 01:08:37 --> Array to string conversion
#0 C:\xampp\htdocs\lisata\app\Views\v_hasil_deteksi.php(198): CodeIgniter\Debug\Exceptions->errorHandler(8, 'Array to string...', 'C:\\xampp\\htdocs...', 198, Array)
#1 C:\xampp\htdocs\lisata\system\View\View.php(210): include('C:\\xampp\\htdocs...')
#2 C:\xampp\htdocs\lisata\system\View\View.php(213): CodeIgniter\View\View->CodeIgniter\View\{closure}()
#3 C:\xampp\htdocs\lisata\system\Common.php(1089): CodeIgniter\View\View->render('v_hasil_deteksi', Array, true)
#4 C:\xampp\htdocs\lisata\app\Controllers\Deteksi.php(70): view('v_hasil_deteksi', Array)
#5 C:\xampp\htdocs\lisata\system\CodeIgniter.php(832): App\Controllers\Deteksi->hasilDeteksi('28')
#6 C:\xampp\htdocs\lisata\system\CodeIgniter.php(419): CodeIgniter\CodeIgniter->runController(Object(App\Controllers\Deteksi))
#7 C:\xampp\htdocs\lisata\system\CodeIgniter.php(326): CodeIgniter\CodeIgniter->handleRequest(NULL, Object(Config\Cache), false)
#8 C:\xampp\htdocs\lisata\public\index.php(37): CodeIgniter\CodeIgniter->run()
#9 C:\xampp\htdocs\lisata\system\Commands\Server\rewrite.php(43): require_once('C:\\xampp\\htdocs...')
#10 {main}
CRITICAL - 2022-05-05 01:08:48 --> Array to string conversion
#0 C:\xampp\htdocs\lisata\app\Views\v_hasil_deteksi.php(198): CodeIgniter\Debug\Exceptions->errorHandler(8, 'Array to string...', 'C:\\xampp\\htdocs...', 198, Array)
#1 C:\xampp\htdocs\lisata\system\View\View.php(210): include('C:\\xampp\\htdocs...')
#2 C:\xampp\htdocs\lisata\system\View\View.php(213): CodeIgniter\View\View->CodeIgniter\View\{closure}()
#3 C:\xampp\htdocs\lisata\system\Common.php(1089): CodeIgniter\View\View->render('v_hasil_deteksi', Array, true)
#4 C:\xampp\htdocs\lisata\app\Controllers\Deteksi.php(70): view('v_hasil_deteksi', Array)
#5 C:\xampp\htdocs\lisata\system\CodeIgniter.php(832): App\Controllers\Deteksi->hasilDeteksi('28')
#6 C:\xampp\htdocs\lisata\system\CodeIgniter.php(419): CodeIgniter\CodeIgniter->runController(Object(App\Controllers\Deteksi))
#7 C:\xampp\htdocs\lisata\system\CodeIgniter.php(326): CodeIgniter\CodeIgniter->handleRequest(NULL, Object(Config\Cache), false)
#8 C:\xampp\htdocs\lisata\public\index.php(37): CodeIgniter\CodeIgniter->run()
#9 C:\xampp\htdocs\lisata\system\Commands\Server\rewrite.php(43): require_once('C:\\xampp\\htdocs...')
#10 {main}
