CRITICAL - 2022-07-27 12:14:05 --> Undefined property: App\Controllers\Subgejala::$ModelSolusi
#0 C:\xampp\htdocs\lisata\app\Controllers\Subgejala.php(21): CodeIgniter\Debug\Exceptions->errorHandler(8, 'Undefined prope...', 'C:\\xampp\\htdocs...', 21, Array)
#1 C:\xampp\htdocs\lisata\system\CodeIgniter.php(832): App\Controllers\Subgejala->index()
#2 C:\xampp\htdocs\lisata\system\CodeIgniter.php(419): CodeIgniter\CodeIgniter->runController(Object(App\Controllers\Subgejala))
#3 C:\xampp\htdocs\lisata\system\CodeIgniter.php(326): CodeIgniter\CodeIgniter->handleRequest(NULL, Object(Config\Cache), false)
#4 C:\xampp\htdocs\lisata\public\index.php(37): CodeIgniter\CodeIgniter->run()
#5 C:\xampp\htdocs\lisata\system\Commands\Server\rewrite.php(43): require_once('C:\\xampp\\htdocs...')
#6 {main}
CRITICAL - 2022-07-27 12:14:22 --> Call to undefined method App\Models\ModelSubgejala::getAllData
#0 C:\xampp\htdocs\lisata\app\Controllers\Subgejala.php(21): CodeIgniter\Model->__call('getAllData', Array)
#1 C:\xampp\htdocs\lisata\system\CodeIgniter.php(832): App\Controllers\Subgejala->index()
#2 C:\xampp\htdocs\lisata\system\CodeIgniter.php(419): CodeIgniter\CodeIgniter->runController(Object(App\Controllers\Subgejala))
#3 C:\xampp\htdocs\lisata\system\CodeIgniter.php(326): CodeIgniter\CodeIgniter->handleRequest(NULL, Object(Config\Cache), false)
#4 C:\xampp\htdocs\lisata\public\index.php(37): CodeIgniter\CodeIgniter->run()
#5 C:\xampp\htdocs\lisata\system\Commands\Server\rewrite.php(43): require_once('C:\\xampp\\htdocs...')
#6 {main}
CRITICAL - 2022-07-27 12:14:30 --> Invalid file: admin/v_subgejala.php
#0 C:\xampp\htdocs\lisata\system\View\View.php(198): CodeIgniter\Exceptions\FrameworkException::forInvalidFile('admin/v_subgeja...')
#1 C:\xampp\htdocs\lisata\system\Common.php(1089): CodeIgniter\View\View->render('admin/v_subgeja...', Array, true)
#2 C:\xampp\htdocs\lisata\app\Controllers\Subgejala.php(23): view('admin/v_subgeja...', Array)
#3 C:\xampp\htdocs\lisata\system\CodeIgniter.php(832): App\Controllers\Subgejala->index()
#4 C:\xampp\htdocs\lisata\system\CodeIgniter.php(419): CodeIgniter\CodeIgniter->runController(Object(App\Controllers\Subgejala))
#5 C:\xampp\htdocs\lisata\system\CodeIgniter.php(326): CodeIgniter\CodeIgniter->handleRequest(NULL, Object(Config\Cache), false)
#6 C:\xampp\htdocs\lisata\public\index.php(37): CodeIgniter\CodeIgniter->run()
#7 C:\xampp\htdocs\lisata\system\Commands\Server\rewrite.php(43): require_once('C:\\xampp\\htdocs...')
#8 {main}
CRITICAL - 2022-07-27 12:16:16 --> Undefined variable: himpunan
#0 C:\xampp\htdocs\lisata\app\Views\admin\v_subgejala.php(46): CodeIgniter\Debug\Exceptions->errorHandler(8, 'Undefined varia...', 'C:\\xampp\\htdocs...', 46, Array)
#1 C:\xampp\htdocs\lisata\system\View\View.php(210): include('C:\\xampp\\htdocs...')
#2 C:\xampp\htdocs\lisata\system\View\View.php(213): CodeIgniter\View\View->CodeIgniter\View\{closure}()
#3 C:\xampp\htdocs\lisata\system\Common.php(1089): CodeIgniter\View\View->render('admin/v_subgeja...', Array, true)
#4 C:\xampp\htdocs\lisata\app\Controllers\Subgejala.php(23): view('admin/v_subgeja...', Array)
#5 C:\xampp\htdocs\lisata\system\CodeIgniter.php(832): App\Controllers\Subgejala->index()
#6 C:\xampp\htdocs\lisata\system\CodeIgniter.php(419): CodeIgniter\CodeIgniter->runController(Object(App\Controllers\Subgejala))
#7 C:\xampp\htdocs\lisata\system\CodeIgniter.php(326): CodeIgniter\CodeIgniter->handleRequest(NULL, Object(Config\Cache), false)
#8 C:\xampp\htdocs\lisata\public\index.php(37): CodeIgniter\CodeIgniter->run()
#9 C:\xampp\htdocs\lisata\system\Commands\Server\rewrite.php(43): require_once('C:\\xampp\\htdocs...')
#10 {main}
CRITICAL - 2022-07-27 12:19:36 --> Undefined variable: sub_gejala
#0 C:\xampp\htdocs\lisata\app\Views\admin\v_subgejala.php(46): CodeIgniter\Debug\Exceptions->errorHandler(8, 'Undefined varia...', 'C:\\xampp\\htdocs...', 46, Array)
#1 C:\xampp\htdocs\lisata\system\View\View.php(210): include('C:\\xampp\\htdocs...')
#2 C:\xampp\htdocs\lisata\system\View\View.php(213): CodeIgniter\View\View->CodeIgniter\View\{closure}()
#3 C:\xampp\htdocs\lisata\system\Common.php(1089): CodeIgniter\View\View->render('admin/v_subgeja...', Array, true)
#4 C:\xampp\htdocs\lisata\app\Controllers\Subgejala.php(23): view('admin/v_subgeja...', Array)
#5 C:\xampp\htdocs\lisata\system\CodeIgniter.php(832): App\Controllers\Subgejala->index()
#6 C:\xampp\htdocs\lisata\system\CodeIgniter.php(419): CodeIgniter\CodeIgniter->runController(Object(App\Controllers\Subgejala))
#7 C:\xampp\htdocs\lisata\system\CodeIgniter.php(326): CodeIgniter\CodeIgniter->handleRequest(NULL, Object(Config\Cache), false)
#8 C:\xampp\htdocs\lisata\public\index.php(37): CodeIgniter\CodeIgniter->run()
#9 C:\xampp\htdocs\lisata\system\Commands\Server\rewrite.php(43): require_once('C:\\xampp\\htdocs...')
#10 {main}
ERROR - 2022-07-27 12:19:53 --> Column 'id_gejala' in order clause is ambiguous
CRITICAL - 2022-07-27 12:19:53 --> Column 'id_gejala' in order clause is ambiguous
#0 C:\xampp\htdocs\lisata\system\Database\MySQLi\Connection.php(292): mysqli->query('SELECT *\nFROM `...', 0)
#1 C:\xampp\htdocs\lisata\system\Database\BaseConnection.php(670): CodeIgniter\Database\MySQLi\Connection->execute('SELECT *\nFROM `...')
#2 C:\xampp\htdocs\lisata\system\Database\BaseConnection.php(598): CodeIgniter\Database\BaseConnection->simpleQuery('SELECT *\nFROM `...')
#3 C:\xampp\htdocs\lisata\system\Database\BaseBuilder.php(1455): CodeIgniter\Database\BaseConnection->query('SELECT *\nFROM `...', Array, false)
#4 C:\xampp\htdocs\lisata\app\Models\ModelSubgejala.php(14): CodeIgniter\Database\BaseBuilder->get()
#5 C:\xampp\htdocs\lisata\app\Controllers\Subgejala.php(21): App\Models\ModelSubgejala->getAllData()
#6 C:\xampp\htdocs\lisata\system\CodeIgniter.php(832): App\Controllers\Subgejala->index()
#7 C:\xampp\htdocs\lisata\system\CodeIgniter.php(419): CodeIgniter\CodeIgniter->runController(Object(App\Controllers\Subgejala))
#8 C:\xampp\htdocs\lisata\system\CodeIgniter.php(326): CodeIgniter\CodeIgniter->handleRequest(NULL, Object(Config\Cache), false)
#9 C:\xampp\htdocs\lisata\public\index.php(37): CodeIgniter\CodeIgniter->run()
#10 C:\xampp\htdocs\lisata\system\Commands\Server\rewrite.php(43): require_once('C:\\xampp\\htdocs...')
#11 {main}
ERROR - 2022-07-27 12:21:49 --> Column 'id_gejala' in order clause is ambiguous
CRITICAL - 2022-07-27 12:21:49 --> Column 'id_gejala' in order clause is ambiguous
#0 C:\xampp\htdocs\lisata\system\Database\MySQLi\Connection.php(292): mysqli->query('SELECT *\nFROM `...', 0)
#1 C:\xampp\htdocs\lisata\system\Database\BaseConnection.php(670): CodeIgniter\Database\MySQLi\Connection->execute('SELECT *\nFROM `...')
#2 C:\xampp\htdocs\lisata\system\Database\BaseConnection.php(598): CodeIgniter\Database\BaseConnection->simpleQuery('SELECT *\nFROM `...')
#3 C:\xampp\htdocs\lisata\system\Database\BaseBuilder.php(1455): CodeIgniter\Database\BaseConnection->query('SELECT *\nFROM `...', Array, false)
#4 C:\xampp\htdocs\lisata\app\Models\ModelSubgejala.php(14): CodeIgniter\Database\BaseBuilder->get()
#5 C:\xampp\htdocs\lisata\app\Controllers\Subgejala.php(21): App\Models\ModelSubgejala->getAllData()
#6 C:\xampp\htdocs\lisata\system\CodeIgniter.php(832): App\Controllers\Subgejala->index()
#7 C:\xampp\htdocs\lisata\system\CodeIgniter.php(419): CodeIgniter\CodeIgniter->runController(Object(App\Controllers\Subgejala))
#8 C:\xampp\htdocs\lisata\system\CodeIgniter.php(326): CodeIgniter\CodeIgniter->handleRequest(NULL, Object(Config\Cache), false)
#9 C:\xampp\htdocs\lisata\public\index.php(37): CodeIgniter\CodeIgniter->run()
#10 C:\xampp\htdocs\lisata\system\Commands\Server\rewrite.php(43): require_once('C:\\xampp\\htdocs...')
#11 {main}
CRITICAL - 2022-07-27 12:25:32 --> Undefined variable: gejala
#0 C:\xampp\htdocs\lisata\app\Views\admin\v_subgejala.php(80): CodeIgniter\Debug\Exceptions->errorHandler(8, 'Undefined varia...', 'C:\\xampp\\htdocs...', 80, Array)
#1 C:\xampp\htdocs\lisata\system\View\View.php(210): include('C:\\xampp\\htdocs...')
#2 C:\xampp\htdocs\lisata\system\View\View.php(213): CodeIgniter\View\View->CodeIgniter\View\{closure}()
#3 C:\xampp\htdocs\lisata\system\Common.php(1089): CodeIgniter\View\View->render('admin/v_subgeja...', Array, true)
#4 C:\xampp\htdocs\lisata\app\Controllers\Subgejala.php(23): view('admin/v_subgeja...', Array)
#5 C:\xampp\htdocs\lisata\system\CodeIgniter.php(832): App\Controllers\Subgejala->index()
#6 C:\xampp\htdocs\lisata\system\CodeIgniter.php(419): CodeIgniter\CodeIgniter->runController(Object(App\Controllers\Subgejala))
#7 C:\xampp\htdocs\lisata\system\CodeIgniter.php(326): CodeIgniter\CodeIgniter->handleRequest(NULL, Object(Config\Cache), false)
#8 C:\xampp\htdocs\lisata\public\index.php(37): CodeIgniter\CodeIgniter->run()
#9 C:\xampp\htdocs\lisata\system\Commands\Server\rewrite.php(43): require_once('C:\\xampp\\htdocs...')
#10 {main}
CRITICAL - 2022-07-27 12:25:52 --> Undefined property: App\Controllers\Subgejala::$ModelGejala
#0 C:\xampp\htdocs\lisata\app\Controllers\Subgejala.php(22): CodeIgniter\Debug\Exceptions->errorHandler(8, 'Undefined prope...', 'C:\\xampp\\htdocs...', 22, Array)
#1 C:\xampp\htdocs\lisata\system\CodeIgniter.php(832): App\Controllers\Subgejala->index()
#2 C:\xampp\htdocs\lisata\system\CodeIgniter.php(419): CodeIgniter\CodeIgniter->runController(Object(App\Controllers\Subgejala))
#3 C:\xampp\htdocs\lisata\system\CodeIgniter.php(326): CodeIgniter\CodeIgniter->handleRequest(NULL, Object(Config\Cache), false)
#4 C:\xampp\htdocs\lisata\public\index.php(37): CodeIgniter\CodeIgniter->run()
#5 C:\xampp\htdocs\lisata\system\Commands\Server\rewrite.php(43): require_once('C:\\xampp\\htdocs...')
#6 {main}
CRITICAL - 2022-07-27 13:02:00 --> Undefined variable: subgejala
#0 C:\xampp\htdocs\lisata\app\Views\v_deteksi.php(73): CodeIgniter\Debug\Exceptions->errorHandler(8, 'Undefined varia...', 'C:\\xampp\\htdocs...', 73, Array)
#1 C:\xampp\htdocs\lisata\system\View\View.php(210): include('C:\\xampp\\htdocs...')
#2 C:\xampp\htdocs\lisata\system\View\View.php(213): CodeIgniter\View\View->CodeIgniter\View\{closure}()
#3 C:\xampp\htdocs\lisata\system\Common.php(1089): CodeIgniter\View\View->render('v_deteksi', Array, true)
#4 C:\xampp\htdocs\lisata\app\Controllers\Deteksi.php(34): view('v_deteksi', Array)
#5 C:\xampp\htdocs\lisata\system\CodeIgniter.php(832): App\Controllers\Deteksi->index()
#6 C:\xampp\htdocs\lisata\system\CodeIgniter.php(419): CodeIgniter\CodeIgniter->runController(Object(App\Controllers\Deteksi))
#7 C:\xampp\htdocs\lisata\system\CodeIgniter.php(326): CodeIgniter\CodeIgniter->handleRequest(NULL, Object(Config\Cache), false)
#8 C:\xampp\htdocs\lisata\public\index.php(37): CodeIgniter\CodeIgniter->run()
#9 C:\xampp\htdocs\lisata\system\Commands\Server\rewrite.php(43): require_once('C:\\xampp\\htdocs...')
#10 {main}
CRITICAL - 2022-07-27 13:12:55 --> Invalid argument supplied for foreach()
#0 C:\xampp\htdocs\lisata\app\Views\v_deteksi.php(73): CodeIgniter\Debug\Exceptions->errorHandler(2, 'Invalid argumen...', 'C:\\xampp\\htdocs...', 73, Array)
#1 C:\xampp\htdocs\lisata\system\View\View.php(210): include('C:\\xampp\\htdocs...')
#2 C:\xampp\htdocs\lisata\system\View\View.php(213): CodeIgniter\View\View->CodeIgniter\View\{closure}()
#3 C:\xampp\htdocs\lisata\system\Common.php(1089): CodeIgniter\View\View->render('v_deteksi', Array, true)
#4 C:\xampp\htdocs\lisata\app\Controllers\Deteksi.php(37): view('v_deteksi', Array)
#5 C:\xampp\htdocs\lisata\system\CodeIgniter.php(832): App\Controllers\Deteksi->index()
#6 C:\xampp\htdocs\lisata\system\CodeIgniter.php(419): CodeIgniter\CodeIgniter->runController(Object(App\Controllers\Deteksi))
#7 C:\xampp\htdocs\lisata\system\CodeIgniter.php(326): CodeIgniter\CodeIgniter->handleRequest(NULL, Object(Config\Cache), false)
#8 C:\xampp\htdocs\lisata\public\index.php(37): CodeIgniter\CodeIgniter->run()
#9 C:\xampp\htdocs\lisata\system\Commands\Server\rewrite.php(43): require_once('C:\\xampp\\htdocs...')
#10 {main}
CRITICAL - 2022-07-27 13:18:11 --> Undefined offset: 10
#0 C:\xampp\htdocs\lisata\app\Models\ModelDeteksi.php(102): CodeIgniter\Debug\Exceptions->errorHandler(8, 'Undefined offse...', 'C:\\xampp\\htdocs...', 102, Array)
#1 C:\xampp\htdocs\lisata\app\Controllers\Deteksi.php(63): App\Models\ModelDeteksi->hitungHasil('277')
#2 C:\xampp\htdocs\lisata\system\CodeIgniter.php(832): App\Controllers\Deteksi->hasilDeteksi('277')
#3 C:\xampp\htdocs\lisata\system\CodeIgniter.php(419): CodeIgniter\CodeIgniter->runController(Object(App\Controllers\Deteksi))
#4 C:\xampp\htdocs\lisata\system\CodeIgniter.php(326): CodeIgniter\CodeIgniter->handleRequest(NULL, Object(Config\Cache), false)
#5 C:\xampp\htdocs\lisata\public\index.php(37): CodeIgniter\CodeIgniter->run()
#6 C:\xampp\htdocs\lisata\system\Commands\Server\rewrite.php(43): require_once('C:\\xampp\\htdocs...')
#7 {main}
CRITICAL - 2022-07-27 13:23:11 --> Undefined offset: 10
#0 C:\xampp\htdocs\lisata\app\Models\ModelDeteksi.php(102): CodeIgniter\Debug\Exceptions->errorHandler(8, 'Undefined offse...', 'C:\\xampp\\htdocs...', 102, Array)
#1 C:\xampp\htdocs\lisata\app\Controllers\Deteksi.php(63): App\Models\ModelDeteksi->hitungHasil('277')
#2 C:\xampp\htdocs\lisata\system\CodeIgniter.php(832): App\Controllers\Deteksi->hasilDeteksi('277')
#3 C:\xampp\htdocs\lisata\system\CodeIgniter.php(419): CodeIgniter\CodeIgniter->runController(Object(App\Controllers\Deteksi))
#4 C:\xampp\htdocs\lisata\system\CodeIgniter.php(326): CodeIgniter\CodeIgniter->handleRequest(NULL, Object(Config\Cache), false)
#5 C:\xampp\htdocs\lisata\public\index.php(37): CodeIgniter\CodeIgniter->run()
#6 C:\xampp\htdocs\lisata\system\Commands\Server\rewrite.php(43): require_once('C:\\xampp\\htdocs...')
#7 {main}
CRITICAL - 2022-07-27 13:23:14 --> Undefined offset: 10
#0 C:\xampp\htdocs\lisata\app\Models\ModelDeteksi.php(102): CodeIgniter\Debug\Exceptions->errorHandler(8, 'Undefined offse...', 'C:\\xampp\\htdocs...', 102, Array)
#1 C:\xampp\htdocs\lisata\app\Controllers\Deteksi.php(63): App\Models\ModelDeteksi->hitungHasil('277')
#2 C:\xampp\htdocs\lisata\system\CodeIgniter.php(832): App\Controllers\Deteksi->hasilDeteksi('277')
#3 C:\xampp\htdocs\lisata\system\CodeIgniter.php(419): CodeIgniter\CodeIgniter->runController(Object(App\Controllers\Deteksi))
#4 C:\xampp\htdocs\lisata\system\CodeIgniter.php(326): CodeIgniter\CodeIgniter->handleRequest(NULL, Object(Config\Cache), false)
#5 C:\xampp\htdocs\lisata\public\index.php(37): CodeIgniter\CodeIgniter->run()
#6 C:\xampp\htdocs\lisata\system\Commands\Server\rewrite.php(43): require_once('C:\\xampp\\htdocs...')
#7 {main}
CRITICAL - 2022-07-27 13:47:07 --> Undefined offset: 10
#0 C:\xampp\htdocs\lisata\app\Models\ModelDeteksi.php(102): CodeIgniter\Debug\Exceptions->errorHandler(8, 'Undefined offse...', 'C:\\xampp\\htdocs...', 102, Array)
#1 C:\xampp\htdocs\lisata\app\Controllers\Deteksi.php(63): App\Models\ModelDeteksi->hitungHasil('284')
#2 C:\xampp\htdocs\lisata\system\CodeIgniter.php(832): App\Controllers\Deteksi->hasilDeteksi('284')
#3 C:\xampp\htdocs\lisata\system\CodeIgniter.php(419): CodeIgniter\CodeIgniter->runController(Object(App\Controllers\Deteksi))
#4 C:\xampp\htdocs\lisata\system\CodeIgniter.php(326): CodeIgniter\CodeIgniter->handleRequest(NULL, Object(Config\Cache), false)
#5 C:\xampp\htdocs\lisata\public\index.php(37): CodeIgniter\CodeIgniter->run()
#6 C:\xampp\htdocs\lisata\system\Commands\Server\rewrite.php(43): require_once('C:\\xampp\\htdocs...')
#7 {main}
CRITICAL - 2022-07-27 13:48:06 --> Undefined offset: 10
#0 C:\xampp\htdocs\lisata\app\Models\ModelDeteksi.php(102): CodeIgniter\Debug\Exceptions->errorHandler(8, 'Undefined offse...', 'C:\\xampp\\htdocs...', 102, Array)
#1 C:\xampp\htdocs\lisata\app\Controllers\Deteksi.php(63): App\Models\ModelDeteksi->hitungHasil('284')
#2 C:\xampp\htdocs\lisata\system\CodeIgniter.php(832): App\Controllers\Deteksi->hasilDeteksi('284')
#3 C:\xampp\htdocs\lisata\system\CodeIgniter.php(419): CodeIgniter\CodeIgniter->runController(Object(App\Controllers\Deteksi))
#4 C:\xampp\htdocs\lisata\system\CodeIgniter.php(326): CodeIgniter\CodeIgniter->handleRequest(NULL, Object(Config\Cache), false)
#5 C:\xampp\htdocs\lisata\public\index.php(37): CodeIgniter\CodeIgniter->run()
#6 C:\xampp\htdocs\lisata\system\Commands\Server\rewrite.php(43): require_once('C:\\xampp\\htdocs...')
#7 {main}
CRITICAL - 2022-07-27 13:48:12 --> Undefined offset: 10
#0 C:\xampp\htdocs\lisata\app\Models\ModelDeteksi.php(102): CodeIgniter\Debug\Exceptions->errorHandler(8, 'Undefined offse...', 'C:\\xampp\\htdocs...', 102, Array)
#1 C:\xampp\htdocs\lisata\app\Controllers\Deteksi.php(63): App\Models\ModelDeteksi->hitungHasil('285')
#2 C:\xampp\htdocs\lisata\system\CodeIgniter.php(832): App\Controllers\Deteksi->hasilDeteksi('285')
#3 C:\xampp\htdocs\lisata\system\CodeIgniter.php(419): CodeIgniter\CodeIgniter->runController(Object(App\Controllers\Deteksi))
#4 C:\xampp\htdocs\lisata\system\CodeIgniter.php(326): CodeIgniter\CodeIgniter->handleRequest(NULL, Object(Config\Cache), false)
#5 C:\xampp\htdocs\lisata\public\index.php(37): CodeIgniter\CodeIgniter->run()
#6 C:\xampp\htdocs\lisata\system\Commands\Server\rewrite.php(43): require_once('C:\\xampp\\htdocs...')
#7 {main}
