CRITICAL - 2022-06-04 08:53:56 --> Undefined variable: himpunan
#0 C:\xampp\htdocs\lisata\app\Views\admin\v_aturan.php(80): CodeIgniter\Debug\Exceptions->errorHandler(8, 'Undefined varia...', 'C:\\xampp\\htdocs...', 80, Array)
#1 C:\xampp\htdocs\lisata\system\View\View.php(210): include('C:\\xampp\\htdocs...')
#2 C:\xampp\htdocs\lisata\system\View\View.php(213): CodeIgniter\View\View->CodeIgniter\View\{closure}()
#3 C:\xampp\htdocs\lisata\system\Common.php(1089): CodeIgniter\View\View->render('admin/v_aturan', Array, true)
#4 C:\xampp\htdocs\lisata\app\Controllers\Aturan.php(52): view('admin/v_aturan', Array)
#5 C:\xampp\htdocs\lisata\system\CodeIgniter.php(832): App\Controllers\Aturan->index()
#6 C:\xampp\htdocs\lisata\system\CodeIgniter.php(419): CodeIgniter\CodeIgniter->runController(Object(App\Controllers\Aturan))
#7 C:\xampp\htdocs\lisata\system\CodeIgniter.php(326): CodeIgniter\CodeIgniter->handleRequest(NULL, Object(Config\Cache), false)
#8 C:\xampp\htdocs\lisata\public\index.php(37): CodeIgniter\CodeIgniter->run()
#9 C:\xampp\htdocs\lisata\system\Commands\Server\rewrite.php(43): require_once('C:\\xampp\\htdocs...')
#10 {main}
CRITICAL - 2022-06-04 08:54:12 --> Undefined variable: himpunan
#0 C:\xampp\htdocs\lisata\app\Views\admin\v_aturan.php(80): CodeIgniter\Debug\Exceptions->errorHandler(8, 'Undefined varia...', 'C:\\xampp\\htdocs...', 80, Array)
#1 C:\xampp\htdocs\lisata\system\View\View.php(210): include('C:\\xampp\\htdocs...')
#2 C:\xampp\htdocs\lisata\system\View\View.php(213): CodeIgniter\View\View->CodeIgniter\View\{closure}()
#3 C:\xampp\htdocs\lisata\system\Common.php(1089): CodeIgniter\View\View->render('admin/v_aturan', Array, true)
#4 C:\xampp\htdocs\lisata\app\Controllers\Aturan.php(52): view('admin/v_aturan', Array)
#5 C:\xampp\htdocs\lisata\system\CodeIgniter.php(832): App\Controllers\Aturan->index()
#6 C:\xampp\htdocs\lisata\system\CodeIgniter.php(419): CodeIgniter\CodeIgniter->runController(Object(App\Controllers\Aturan))
#7 C:\xampp\htdocs\lisata\system\CodeIgniter.php(326): CodeIgniter\CodeIgniter->handleRequest(NULL, Object(Config\Cache), false)
#8 C:\xampp\htdocs\lisata\public\index.php(37): CodeIgniter\CodeIgniter->run()
#9 C:\xampp\htdocs\lisata\system\Commands\Server\rewrite.php(43): require_once('C:\\xampp\\htdocs...')
#10 {main}
