CRITICAL - 2022-05-01 02:10:29 --> You must set the database table to be used with your query.
#0 C:\xampp\htdocs\lisata\system\Model.php(545): CodeIgniter\Database\BaseConnection->table(NULL)
#1 C:\xampp\htdocs\lisata\system\Model.php(722): CodeIgniter\Model->builder()
#2 C:\xampp\htdocs\lisata\app\Controllers\Deteksi.php(59): CodeIgniter\Model->__call('getDataDiri', Array)
#3 C:\xampp\htdocs\lisata\system\CodeIgniter.php(832): App\Controllers\Deteksi->hasilDeteksi('25')
#4 C:\xampp\htdocs\lisata\system\CodeIgniter.php(419): CodeIgniter\CodeIgniter->runController(Object(App\Controllers\Deteksi))
#5 C:\xampp\htdocs\lisata\system\CodeIgniter.php(326): CodeIgniter\CodeIgniter->handleRequest(NULL, Object(Config\Cache), false)
#6 C:\xampp\htdocs\lisata\public\index.php(37): CodeIgniter\CodeIgniter->run()
#7 C:\xampp\htdocs\lisata\system\Commands\Server\rewrite.php(43): require_once('C:\\xampp\\htdocs...')
#8 {main}
CRITICAL - 2022-05-01 02:11:37 --> Undefined index: nama
#0 C:\xampp\htdocs\lisata\app\Views\v_hasil_deteksi.php(36): CodeIgniter\Debug\Exceptions->errorHandler(8, 'Undefined index...', 'C:\\xampp\\htdocs...', 36, Array)
#1 C:\xampp\htdocs\lisata\system\View\View.php(210): include('C:\\xampp\\htdocs...')
#2 C:\xampp\htdocs\lisata\system\View\View.php(213): CodeIgniter\View\View->CodeIgniter\View\{closure}()
#3 C:\xampp\htdocs\lisata\system\Common.php(1089): CodeIgniter\View\View->render('v_hasil_deteksi', Array, true)
#4 C:\xampp\htdocs\lisata\app\Controllers\Deteksi.php(65): view('v_hasil_deteksi', Array)
#5 C:\xampp\htdocs\lisata\system\CodeIgniter.php(832): App\Controllers\Deteksi->hasilDeteksi('25')
#6 C:\xampp\htdocs\lisata\system\CodeIgniter.php(419): CodeIgniter\CodeIgniter->runController(Object(App\Controllers\Deteksi))
#7 C:\xampp\htdocs\lisata\system\CodeIgniter.php(326): CodeIgniter\CodeIgniter->handleRequest(NULL, Object(Config\Cache), false)
#8 C:\xampp\htdocs\lisata\public\index.php(37): CodeIgniter\CodeIgniter->run()
#9 C:\xampp\htdocs\lisata\system\Commands\Server\rewrite.php(43): require_once('C:\\xampp\\htdocs...')
#10 {main}
CRITICAL - 2022-05-01 02:12:09 --> Undefined index: nama
#0 C:\xampp\htdocs\lisata\app\Views\v_hasil_deteksi.php(36): CodeIgniter\Debug\Exceptions->errorHandler(8, 'Undefined index...', 'C:\\xampp\\htdocs...', 36, Array)
#1 C:\xampp\htdocs\lisata\system\View\View.php(210): include('C:\\xampp\\htdocs...')
#2 C:\xampp\htdocs\lisata\system\View\View.php(213): CodeIgniter\View\View->CodeIgniter\View\{closure}()
#3 C:\xampp\htdocs\lisata\system\Common.php(1089): CodeIgniter\View\View->render('v_hasil_deteksi', Array, true)
#4 C:\xampp\htdocs\lisata\app\Controllers\Deteksi.php(65): view('v_hasil_deteksi', Array)
#5 C:\xampp\htdocs\lisata\system\CodeIgniter.php(832): App\Controllers\Deteksi->hasilDeteksi('25')
#6 C:\xampp\htdocs\lisata\system\CodeIgniter.php(419): CodeIgniter\CodeIgniter->runController(Object(App\Controllers\Deteksi))
#7 C:\xampp\htdocs\lisata\system\CodeIgniter.php(326): CodeIgniter\CodeIgniter->handleRequest(NULL, Object(Config\Cache), false)
#8 C:\xampp\htdocs\lisata\public\index.php(37): CodeIgniter\CodeIgniter->run()
#9 C:\xampp\htdocs\lisata\system\Commands\Server\rewrite.php(43): require_once('C:\\xampp\\htdocs...')
#10 {main}
