CRITICAL - 2022-08-03 01:47:13 --> implode(): Invalid arguments passed
#0 [internal function]: CodeIgniter\Debug\Exceptions->errorHandler(2, 'implode(): Inva...', 'C:\\xampp\\htdocs...', 50, Array)
#1 C:\xampp\htdocs\lisata\app\Controllers\Deteksi.php(50): implode(', ', NULL)
#2 C:\xampp\htdocs\lisata\system\CodeIgniter.php(832): App\Controllers\Deteksi->addData()
#3 C:\xampp\htdocs\lisata\system\CodeIgniter.php(419): CodeIgniter\CodeIgniter->runController(Object(App\Controllers\Deteksi))
#4 C:\xampp\htdocs\lisata\system\CodeIgniter.php(326): CodeIgniter\CodeIgniter->handleRequest(NULL, Object(Config\Cache), false)
#5 C:\xampp\htdocs\lisata\public\index.php(37): CodeIgniter\CodeIgniter->run()
#6 {main}
ERROR - 2022-08-03 01:50:42 --> Unknown column 'id_sub_gejala' in 'field list'
CRITICAL - 2022-08-03 01:50:42 --> Unknown column 'id_sub_gejala' in 'field list'
#0 C:\xampp\htdocs\lisata\system\Database\MySQLi\Connection.php(292): mysqli->query('INSERT INTO `tb...', 0)
#1 C:\xampp\htdocs\lisata\system\Database\BaseConnection.php(670): CodeIgniter\Database\MySQLi\Connection->execute('INSERT INTO `tb...')
#2 C:\xampp\htdocs\lisata\system\Database\BaseConnection.php(598): CodeIgniter\Database\BaseConnection->simpleQuery('INSERT INTO `tb...')
#3 C:\xampp\htdocs\lisata\system\Database\BaseBuilder.php(1771): CodeIgniter\Database\BaseConnection->query('INSERT INTO `tb...', Array, false)
#4 C:\xampp\htdocs\lisata\app\Models\ModelDeteksi.php(27): CodeIgniter\Database\BaseBuilder->insert(Array)
#5 C:\xampp\htdocs\lisata\app\Controllers\Deteksi.php(54): App\Models\ModelDeteksi->addData(Array)
#6 C:\xampp\htdocs\lisata\system\CodeIgniter.php(832): App\Controllers\Deteksi->addData()
#7 C:\xampp\htdocs\lisata\system\CodeIgniter.php(419): CodeIgniter\CodeIgniter->runController(Object(App\Controllers\Deteksi))
#8 C:\xampp\htdocs\lisata\system\CodeIgniter.php(326): CodeIgniter\CodeIgniter->handleRequest(NULL, Object(Config\Cache), false)
#9 C:\xampp\htdocs\lisata\public\index.php(37): CodeIgniter\CodeIgniter->run()
#10 {main}
ERROR - 2022-08-03 01:56:24 --> Unknown column 'id_sub_gejala' in 'field list'
CRITICAL - 2022-08-03 01:56:24 --> Unknown column 'id_sub_gejala' in 'field list'
#0 C:\xampp\htdocs\lisata\system\Database\MySQLi\Connection.php(292): mysqli->query('INSERT INTO `tb...', 0)
#1 C:\xampp\htdocs\lisata\system\Database\BaseConnection.php(670): CodeIgniter\Database\MySQLi\Connection->execute('INSERT INTO `tb...')
#2 C:\xampp\htdocs\lisata\system\Database\BaseConnection.php(598): CodeIgniter\Database\BaseConnection->simpleQuery('INSERT INTO `tb...')
#3 C:\xampp\htdocs\lisata\system\Database\BaseBuilder.php(1771): CodeIgniter\Database\BaseConnection->query('INSERT INTO `tb...', Array, false)
#4 C:\xampp\htdocs\lisata\app\Models\ModelDeteksi.php(27): CodeIgniter\Database\BaseBuilder->insert(Array)
#5 C:\xampp\htdocs\lisata\app\Controllers\Deteksi.php(54): App\Models\ModelDeteksi->addData(Array)
#6 C:\xampp\htdocs\lisata\system\CodeIgniter.php(832): App\Controllers\Deteksi->addData()
#7 C:\xampp\htdocs\lisata\system\CodeIgniter.php(419): CodeIgniter\CodeIgniter->runController(Object(App\Controllers\Deteksi))
#8 C:\xampp\htdocs\lisata\system\CodeIgniter.php(326): CodeIgniter\CodeIgniter->handleRequest(NULL, Object(Config\Cache), false)
#9 C:\xampp\htdocs\lisata\public\index.php(37): CodeIgniter\CodeIgniter->run()
#10 {main}
CRITICAL - 2022-08-03 01:42:09 --> implode(): Invalid arguments passed
#0 [internal function]: CodeIgniter\Debug\Exceptions->errorHandler(2, 'implode(): Inva...', 'C:\\xampp\\htdocs...', 42, Array)
#1 C:\xampp\htdocs\lisata\app\Controllers\Deteksi.php(42): implode(', ', NULL)
#2 C:\xampp\htdocs\lisata\system\CodeIgniter.php(832): App\Controllers\Deteksi->addData()
#3 C:\xampp\htdocs\lisata\system\CodeIgniter.php(419): CodeIgniter\CodeIgniter->runController(Object(App\Controllers\Deteksi))
#4 C:\xampp\htdocs\lisata\system\CodeIgniter.php(326): CodeIgniter\CodeIgniter->handleRequest(NULL, Object(Config\Cache), false)
#5 C:\xampp\htdocs\lisata\public\index.php(37): CodeIgniter\CodeIgniter->run()
#6 {main}
ERROR - 2022-08-03 13:43:39 --> Unknown column 'nama_sub_gejala' in 'field list'
CRITICAL - 2022-08-03 13:43:39 --> Unknown column 'nama_sub_gejala' in 'field list'
#0 C:\xampp\htdocs\lisata\system\Database\MySQLi\Connection.php(292): mysqli->query('INSERT INTO `tb...', 0)
#1 C:\xampp\htdocs\lisata\system\Database\BaseConnection.php(670): CodeIgniter\Database\MySQLi\Connection->execute('INSERT INTO `tb...')
#2 C:\xampp\htdocs\lisata\system\Database\BaseConnection.php(598): CodeIgniter\Database\BaseConnection->simpleQuery('INSERT INTO `tb...')
#3 C:\xampp\htdocs\lisata\system\Database\BaseBuilder.php(1771): CodeIgniter\Database\BaseConnection->query('INSERT INTO `tb...', Array, false)
#4 C:\xampp\htdocs\lisata\app\Models\ModelDeteksi.php(27): CodeIgniter\Database\BaseBuilder->insert(Array)
#5 C:\xampp\htdocs\lisata\app\Controllers\Deteksi.php(55): App\Models\ModelDeteksi->addData(Array)
#6 C:\xampp\htdocs\lisata\system\CodeIgniter.php(832): App\Controllers\Deteksi->addData()
#7 C:\xampp\htdocs\lisata\system\CodeIgniter.php(419): CodeIgniter\CodeIgniter->runController(Object(App\Controllers\Deteksi))
#8 C:\xampp\htdocs\lisata\system\CodeIgniter.php(326): CodeIgniter\CodeIgniter->handleRequest(NULL, Object(Config\Cache), false)
#9 C:\xampp\htdocs\lisata\public\index.php(37): CodeIgniter\CodeIgniter->run()
#10 {main}
CRITICAL - 2022-08-03 13:44:24 --> Invalid argument supplied for foreach()
#0 C:\xampp\htdocs\lisata\app\Models\ModelDeteksi.php(30): CodeIgniter\Debug\Exceptions->errorHandler(2, 'Invalid argumen...', 'C:\\xampp\\htdocs...', 30, Array)
#1 C:\xampp\htdocs\lisata\app\Controllers\Deteksi.php(55): App\Models\ModelDeteksi->addData(Array)
#2 C:\xampp\htdocs\lisata\system\CodeIgniter.php(832): App\Controllers\Deteksi->addData()
#3 C:\xampp\htdocs\lisata\system\CodeIgniter.php(419): CodeIgniter\CodeIgniter->runController(Object(App\Controllers\Deteksi))
#4 C:\xampp\htdocs\lisata\system\CodeIgniter.php(326): CodeIgniter\CodeIgniter->handleRequest(NULL, Object(Config\Cache), false)
#5 C:\xampp\htdocs\lisata\public\index.php(37): CodeIgniter\CodeIgniter->run()
#6 {main}
CRITICAL - 2022-08-03 13:49:11 --> Invalid argument supplied for foreach()
#0 C:\xampp\htdocs\lisata\app\Models\ModelDeteksi.php(34): CodeIgniter\Debug\Exceptions->errorHandler(2, 'Invalid argumen...', 'C:\\xampp\\htdocs...', 34, Array)
#1 C:\xampp\htdocs\lisata\app\Controllers\Deteksi.php(55): App\Models\ModelDeteksi->addData(Array)
#2 C:\xampp\htdocs\lisata\system\CodeIgniter.php(832): App\Controllers\Deteksi->addData()
#3 C:\xampp\htdocs\lisata\system\CodeIgniter.php(419): CodeIgniter\CodeIgniter->runController(Object(App\Controllers\Deteksi))
#4 C:\xampp\htdocs\lisata\system\CodeIgniter.php(326): CodeIgniter\CodeIgniter->handleRequest(NULL, Object(Config\Cache), false)
#5 C:\xampp\htdocs\lisata\public\index.php(37): CodeIgniter\CodeIgniter->run()
#6 {main}
CRITICAL - 2022-08-03 13:49:26 --> Invalid argument supplied for foreach()
#0 C:\xampp\htdocs\lisata\app\Models\ModelDeteksi.php(34): CodeIgniter\Debug\Exceptions->errorHandler(2, 'Invalid argumen...', 'C:\\xampp\\htdocs...', 34, Array)
#1 C:\xampp\htdocs\lisata\app\Controllers\Deteksi.php(55): App\Models\ModelDeteksi->addData(Array)
#2 C:\xampp\htdocs\lisata\system\CodeIgniter.php(832): App\Controllers\Deteksi->addData()
#3 C:\xampp\htdocs\lisata\system\CodeIgniter.php(419): CodeIgniter\CodeIgniter->runController(Object(App\Controllers\Deteksi))
#4 C:\xampp\htdocs\lisata\system\CodeIgniter.php(326): CodeIgniter\CodeIgniter->handleRequest(NULL, Object(Config\Cache), false)
#5 C:\xampp\htdocs\lisata\public\index.php(37): CodeIgniter\CodeIgniter->run()
#6 {main}
CRITICAL - 2022-08-03 02:05:39 --> implode(): Invalid arguments passed
#0 [internal function]: CodeIgniter\Debug\Exceptions->errorHandler(2, 'implode(): Inva...', 'C:\\xampp\\htdocs...', 42, Array)
#1 C:\xampp\htdocs\lisata\app\Controllers\Deteksi.php(42): implode(', ', NULL)
#2 C:\xampp\htdocs\lisata\system\CodeIgniter.php(832): App\Controllers\Deteksi->addData()
#3 C:\xampp\htdocs\lisata\system\CodeIgniter.php(419): CodeIgniter\CodeIgniter->runController(Object(App\Controllers\Deteksi))
#4 C:\xampp\htdocs\lisata\system\CodeIgniter.php(326): CodeIgniter\CodeIgniter->handleRequest(NULL, Object(Config\Cache), false)
#5 C:\xampp\htdocs\lisata\public\index.php(37): CodeIgniter\CodeIgniter->run()
#6 {main}
CRITICAL - 2022-08-03 14:07:54 --> Undefined variable: array_gejala
#0 C:\xampp\htdocs\lisata\app\Controllers\Deteksi.php(50): CodeIgniter\Debug\Exceptions->errorHandler(8, 'Undefined varia...', 'C:\\xampp\\htdocs...', 50, Array)
#1 C:\xampp\htdocs\lisata\system\CodeIgniter.php(832): App\Controllers\Deteksi->addData()
#2 C:\xampp\htdocs\lisata\system\CodeIgniter.php(419): CodeIgniter\CodeIgniter->runController(Object(App\Controllers\Deteksi))
#3 C:\xampp\htdocs\lisata\system\CodeIgniter.php(326): CodeIgniter\CodeIgniter->handleRequest(NULL, Object(Config\Cache), false)
#4 C:\xampp\htdocs\lisata\public\index.php(37): CodeIgniter\CodeIgniter->run()
#5 {main}
CRITICAL - 2022-08-03 14:08:05 --> Undefined index: nama_gejala
#0 C:\xampp\htdocs\lisata\app\Models\ModelDeteksi.php(34): CodeIgniter\Debug\Exceptions->errorHandler(8, 'Undefined index...', 'C:\\xampp\\htdocs...', 34, Array)
#1 C:\xampp\htdocs\lisata\app\Controllers\Deteksi.php(52): App\Models\ModelDeteksi->addData(Array)
#2 C:\xampp\htdocs\lisata\system\CodeIgniter.php(832): App\Controllers\Deteksi->addData()
#3 C:\xampp\htdocs\lisata\system\CodeIgniter.php(419): CodeIgniter\CodeIgniter->runController(Object(App\Controllers\Deteksi))
#4 C:\xampp\htdocs\lisata\system\CodeIgniter.php(326): CodeIgniter\CodeIgniter->handleRequest(NULL, Object(Config\Cache), false)
#5 C:\xampp\htdocs\lisata\public\index.php(37): CodeIgniter\CodeIgniter->run()
#6 {main}
CRITICAL - 2022-08-03 14:14:36 --> Invalid argument supplied for foreach()
#0 C:\xampp\htdocs\lisata\app\Models\ModelDeteksi.php(29): CodeIgniter\Debug\Exceptions->errorHandler(2, 'Invalid argumen...', 'C:\\xampp\\htdocs...', 29, Array)
#1 C:\xampp\htdocs\lisata\app\Controllers\Deteksi.php(52): App\Models\ModelDeteksi->addData(Array)
#2 C:\xampp\htdocs\lisata\system\CodeIgniter.php(832): App\Controllers\Deteksi->addData()
#3 C:\xampp\htdocs\lisata\system\CodeIgniter.php(419): CodeIgniter\CodeIgniter->runController(Object(App\Controllers\Deteksi))
#4 C:\xampp\htdocs\lisata\system\CodeIgniter.php(326): CodeIgniter\CodeIgniter->handleRequest(NULL, Object(Config\Cache), false)
#5 C:\xampp\htdocs\lisata\public\index.php(37): CodeIgniter\CodeIgniter->run()
#6 {main}
CRITICAL - 2022-08-03 02:17:36 --> Undefined offset: 10
#0 C:\xampp\htdocs\lisata\app\Models\ModelDeteksi.php(102): CodeIgniter\Debug\Exceptions->errorHandler(8, 'Undefined offse...', 'C:\\xampp\\htdocs...', 102, Array)
#1 C:\xampp\htdocs\lisata\app\Controllers\Deteksi.php(63): App\Models\ModelDeteksi->hitungHasil('330')
#2 C:\xampp\htdocs\lisata\system\CodeIgniter.php(832): App\Controllers\Deteksi->hasilDeteksi('330')
#3 C:\xampp\htdocs\lisata\system\CodeIgniter.php(419): CodeIgniter\CodeIgniter->runController(Object(App\Controllers\Deteksi))
#4 C:\xampp\htdocs\lisata\system\CodeIgniter.php(326): CodeIgniter\CodeIgniter->handleRequest(NULL, Object(Config\Cache), false)
#5 C:\xampp\htdocs\lisata\public\index.php(37): CodeIgniter\CodeIgniter->run()
#6 {main}
CRITICAL - 2022-08-03 02:18:13 --> Undefined offset: 10
#0 C:\xampp\htdocs\lisata\app\Models\ModelDeteksi.php(102): CodeIgniter\Debug\Exceptions->errorHandler(8, 'Undefined offse...', 'C:\\xampp\\htdocs...', 102, Array)
#1 C:\xampp\htdocs\lisata\app\Controllers\Deteksi.php(63): App\Models\ModelDeteksi->hitungHasil('331')
#2 C:\xampp\htdocs\lisata\system\CodeIgniter.php(832): App\Controllers\Deteksi->hasilDeteksi('331')
#3 C:\xampp\htdocs\lisata\system\CodeIgniter.php(419): CodeIgniter\CodeIgniter->runController(Object(App\Controllers\Deteksi))
#4 C:\xampp\htdocs\lisata\system\CodeIgniter.php(326): CodeIgniter\CodeIgniter->handleRequest(NULL, Object(Config\Cache), false)
#5 C:\xampp\htdocs\lisata\public\index.php(37): CodeIgniter\CodeIgniter->run()
#6 {main}
CRITICAL - 2022-08-03 02:19:06 --> Undefined offset: 10
#0 C:\xampp\htdocs\lisata\app\Models\ModelDeteksi.php(101): CodeIgniter\Debug\Exceptions->errorHandler(8, 'Undefined offse...', 'C:\\xampp\\htdocs...', 101, Array)
#1 C:\xampp\htdocs\lisata\app\Controllers\Deteksi.php(63): App\Models\ModelDeteksi->hitungHasil('333')
#2 C:\xampp\htdocs\lisata\system\CodeIgniter.php(832): App\Controllers\Deteksi->hasilDeteksi('333')
#3 C:\xampp\htdocs\lisata\system\CodeIgniter.php(419): CodeIgniter\CodeIgniter->runController(Object(App\Controllers\Deteksi))
#4 C:\xampp\htdocs\lisata\system\CodeIgniter.php(326): CodeIgniter\CodeIgniter->handleRequest(NULL, Object(Config\Cache), false)
#5 C:\xampp\htdocs\lisata\public\index.php(37): CodeIgniter\CodeIgniter->run()
#6 {main}
